#
# A fatal error has been detected by the Java Runtime Environment:
#
#  EXCEPTION_ACCESS_VIOLATION (0xc0000005) at pc=0x00007fad441d3d00, pid=1780, tid=10360
#
# JRE version: OpenJDK Runtime Environment (17.0.6) (build 17.0.6+0-b2043.56-10027231)
# Java VM: OpenJDK 64-Bit Server VM (17.0.6+0-b2043.56-10027231, mixed mode, tiered, compressed oops, compressed class ptrs, g1 gc, windows-amd64)
# Problematic frame:
# C  0x00007fad441d3d00
#
# No core dump will be written. Minidumps are not enabled by default on client versions of Windows
#
# If you would like to submit a bug report, please visit:
#   https://bugreport.java.com/bugreport/crash.jsp
#

---------------  S U M M A R Y ------------

Command Line: --add-opens=java.base/java.util=ALL-UNNAMED --add-opens=java.base/java.lang=ALL-UNNAMED --add-opens=java.base/java.lang.invoke=ALL-UNNAMED --add-opens=java.prefs/java.util.prefs=ALL-UNNAMED --add-opens=java.base/java.nio.charset=ALL-UNNAMED --add-opens=java.base/java.net=ALL-UNNAMED --add-opens=java.base/java.util.concurrent.atomic=ALL-UNNAMED -Xmx2048m -Dfile.encoding=UTF-8 -Duser.country=MX -Duser.language=es -Duser.variant org.gradle.launcher.daemon.bootstrap.GradleDaemon 8.0

Host: Intel(R) Core(TM) i3-8145U CPU @ 2.10GHz, 4 cores, 7G,  Windows 10 , 64 bit Build 19041 (10.0.19041.3155)
Time: Wed Sep  6 13:04:53 2023 Hora estándar central (México) elapsed time: 28.844698 seconds (0d 0h 0m 28s)

---------------  T H R E A D  ---------------

Current thread (0x000002534b13b8d0):  JavaThread "C1 CompilerThread0" daemon [_thread_in_native, id=10360, stack(0x000000f909d00000,0x000000f909e00000)]


Current CompileTask:
C1:  28844 7905   !   3       java.net.URLClassLoader::findClass (47 bytes)

Stack: [0x000000f909d00000,0x000000f909e00000],  sp=0x000000f909dfe7e8,  free space=1017k
Native frames: (J=compiled Java code, j=interpreted, Vv=VM code, C=native code)
C  0x00007fad441d3d00


siginfo: EXCEPTION_ACCESS_VIOLATION (0xc0000005), data execution prevention violation at address 0x00007fad441d3d00


Register to memory mapping:

RIP=0x00007fad441d3d00 is an unknown value
RAX=0x00007ffc4444f868 jvm.dll
RBX=0x00000253537062ec points into unknown readable memory: 10 10 00 00
RCX=0x000000f909dfe8c0 is pointing into the stack for thread: 0x000002534b13b8d0
RDX=0x000000f909dfef18 is pointing into the stack for thread: 0x000002534b13b8d0
RSP=0x000000f909dfe7e8 is pointing into the stack for thread: 0x000002534b13b8d0
RBP=0x0000000000000004 is an unknown value
RSI=0x000000f909dfef18 is pointing into the stack for thread: 0x000002534b13b8d0
RDI=0x00000253537062ee points into unknown readable memory: 00 00
R8 =0x000000f909dfe8c0 is pointing into the stack for thread: 0x000002534b13b8d0
R9 =0x0 is NULL
R10=0x00000253537062ec points into unknown readable memory: 10 10 00 00
R11=0x000000f909dfe8c0 is pointing into the stack for thread: 0x000002534b13b8d0
R12=0x0000000000000005 is an unknown value
R13=0x000000f909dfe8c0 is pointing into the stack for thread: 0x000002534b13b8d0
R14=0x00007ffc43b00000 jvm.dll
R15=0x0000000000000400 is an unknown value


Registers:
RAX=0x00007ffc4444f868, RBX=0x00000253537062ec, RCX=0x000000f909dfe8c0, RDX=0x000000f909dfef18
RSP=0x000000f909dfe7e8, RBP=0x0000000000000004, RSI=0x000000f909dfef18, RDI=0x00000253537062ee
R8 =0x000000f909dfe8c0, R9 =0x0000000000000000, R10=0x00000253537062ec, R11=0x000000f909dfe8c0
R12=0x0000000000000005, R13=0x000000f909dfe8c0, R14=0x00007ffc43b00000, R15=0x0000000000000400
RIP=0x00007fad441d3d00, EFLAGS=0x0000000000010206

Top of Stack: (sp=0x000000f909dfe7e8)
0x000000f909dfe7e8:   00007ffc441d3855 ffffffffffffff00
0x000000f909dfe7f8:   00007ffc443af070 0000000000000000
0x000000f909dfe808:   00007ffc00000000 0000025353706414
0x000000f909dfe818:   00007ffc43d04c62 000000f909dfef18
0x000000f909dfe828:   0000000000000010 000000f909dfeb20
0x000000f909dfe838:   0000000000804093 0000000000000003
0x000000f909dfe848:   00007ffc43bd220d 0000000000000000
0x000000f909dfe858:   000002534dc82620 0000025353706440
0x000000f909dfe868:   00007ffc43bd2f28 0000000000000000
0x000000f909dfe878:   000000f909dfeb20 0000000000000000
0x000000f909dfe888:   00007ffc00000000 000000000001001b
0x000000f909dfe898:   00007ffc440c395f 000002534dc82800
0x000000f909dfe8a8:   00007ffc43c53d69 0000000000000100
0x000000f909dfe8b8:   000002534dc82760 00007ffc4444f868
0x000000f909dfe8c8:   0000000000000000 0000000000000001
0x000000f909dfe8d8:   0000000000000000 ffffffffffffffff 

Instructions: (pc=0x00007fad441d3d00)
0x00007fad441d3c00:   ?? ?? ?? ?? ?? ?? ?? ?? ?? ?? ?? ?? ?? ?? ?? ??
0x00007fad441d3c10:   ?? ?? ?? ?? ?? ?? ?? ?? ?? ?? ?? ?? ?? ?? ?? ??
0x00007fad441d3c20:   ?? ?? ?? ?? ?? ?? ?? ?? ?? ?? ?? ?? ?? ?? ?? ??
0x00007fad441d3c30:   ?? ?? ?? ?? ?? ?? ?? ?? ?? ?? ?? ?? ?? ?? ?? ??
0x00007fad441d3c40:   ?? ?? ?? ?? ?? ?? ?? ?? ?? ?? ?? ?? ?? ?? ?? ??
0x00007fad441d3c50:   ?? ?? ?? ?? ?? ?? ?? ?? ?? ?? ?? ?? ?? ?? ?? ??
0x00007fad441d3c60:   ?? ?? ?? ?? ?? ?? ?? ?? ?? ?? ?? ?? ?? ?? ?? ??
0x00007fad441d3c70:   ?? ?? ?? ?? ?? ?? ?? ?? ?? ?? ?? ?? ?? ?? ?? ??
0x00007fad441d3c80:   ?? ?? ?? ?? ?? ?? ?? ?? ?? ?? ?? ?? ?? ?? ?? ??
0x00007fad441d3c90:   ?? ?? ?? ?? ?? ?? ?? ?? ?? ?? ?? ?? ?? ?? ?? ??
0x00007fad441d3ca0:   ?? ?? ?? ?? ?? ?? ?? ?? ?? ?? ?? ?? ?? ?? ?? ??
0x00007fad441d3cb0:   ?? ?? ?? ?? ?? ?? ?? ?? ?? ?? ?? ?? ?? ?? ?? ??
0x00007fad441d3cc0:   ?? ?? ?? ?? ?? ?? ?? ?? ?? ?? ?? ?? ?? ?? ?? ??
0x00007fad441d3cd0:   ?? ?? ?? ?? ?? ?? ?? ?? ?? ?? ?? ?? ?? ?? ?? ??
0x00007fad441d3ce0:   ?? ?? ?? ?? ?? ?? ?? ?? ?? ?? ?? ?? ?? ?? ?? ??
0x00007fad441d3cf0:   ?? ?? ?? ?? ?? ?? ?? ?? ?? ?? ?? ?? ?? ?? ?? ??
0x00007fad441d3d00:   ?? ?? ?? ?? ?? ?? ?? ?? ?? ?? ?? ?? ?? ?? ?? ??
0x00007fad441d3d10:   ?? ?? ?? ?? ?? ?? ?? ?? ?? ?? ?? ?? ?? ?? ?? ??
0x00007fad441d3d20:   ?? ?? ?? ?? ?? ?? ?? ?? ?? ?? ?? ?? ?? ?? ?? ??
0x00007fad441d3d30:   ?? ?? ?? ?? ?? ?? ?? ?? ?? ?? ?? ?? ?? ?? ?? ??
0x00007fad441d3d40:   ?? ?? ?? ?? ?? ?? ?? ?? ?? ?? ?? ?? ?? ?? ?? ??
0x00007fad441d3d50:   ?? ?? ?? ?? ?? ?? ?? ?? ?? ?? ?? ?? ?? ?? ?? ??
0x00007fad441d3d60:   ?? ?? ?? ?? ?? ?? ?? ?? ?? ?? ?? ?? ?? ?? ?? ??
0x00007fad441d3d70:   ?? ?? ?? ?? ?? ?? ?? ?? ?? ?? ?? ?? ?? ?? ?? ??
0x00007fad441d3d80:   ?? ?? ?? ?? ?? ?? ?? ?? ?? ?? ?? ?? ?? ?? ?? ??
0x00007fad441d3d90:   ?? ?? ?? ?? ?? ?? ?? ?? ?? ?? ?? ?? ?? ?? ?? ??
0x00007fad441d3da0:   ?? ?? ?? ?? ?? ?? ?? ?? ?? ?? ?? ?? ?? ?? ?? ??
0x00007fad441d3db0:   ?? ?? ?? ?? ?? ?? ?? ?? ?? ?? ?? ?? ?? ?? ?? ??
0x00007fad441d3dc0:   ?? ?? ?? ?? ?? ?? ?? ?? ?? ?? ?? ?? ?? ?? ?? ??
0x00007fad441d3dd0:   ?? ?? ?? ?? ?? ?? ?? ?? ?? ?? ?? ?? ?? ?? ?? ??
0x00007fad441d3de0:   ?? ?? ?? ?? ?? ?? ?? ?? ?? ?? ?? ?? ?? ?? ?? ??
0x00007fad441d3df0:   ?? ?? ?? ?? ?? ?? ?? ?? ?? ?? ?? ?? ?? ?? ?? ?? 


Stack slot to memory mapping:
stack at sp + 0 slots: 0x00007ffc441d3855 jvm.dll
stack at sp + 1 slots: 0xffffffffffffff00 is an unknown value
stack at sp + 2 slots: 0x00007ffc443af070 jvm.dll
stack at sp + 3 slots: 0x0 is NULL
stack at sp + 4 slots: 0x00007ffc00000000 is an unknown value
stack at sp + 5 slots: 0x0000025353706414 points into unknown readable memory: 00 00 00 00
stack at sp + 6 slots: 0x00007ffc43d04c62 jvm.dll
stack at sp + 7 slots: 0x000000f909dfef18 is pointing into the stack for thread: 0x000002534b13b8d0


---------------  P R O C E S S  ---------------

Threads class SMR info:
_java_thread_list=0x0000025350151a60, length=81, elements={
0x0000025331187a70, 0x000002534a77d620, 0x000002534a77e3a0, 0x000002534a767f60,
0x000002534a768a20, 0x000002534a792580, 0x000002534a792e40, 0x000002534a796990,
0x000002534b13b8d0, 0x000002534b150490, 0x000002534b2d0ec0, 0x000002534b2b6ba0,
0x000002534de2f020, 0x000002534cabd030, 0x000002534c421e20, 0x000002534c5f1180,
0x000002534c802580, 0x000002534c7c50a0, 0x000002534e236010, 0x000002534d91c310,
0x000002534d91e4c0, 0x000002534d91afd0, 0x000002534d91be40, 0x000002534d91db20,
0x000002534d91dff0, 0x000002534d91e990, 0x000002534d91b970, 0x000002534d91d180,
0x000002534d91ccb0, 0x000002534d91c7e0, 0x000002534d91b4a0, 0x000002534d91d650,
0x000002534f9ec7e0, 0x000002534f9ec310, 0x000002534f9eee60, 0x000002534f9e8950,
0x000002534f9ea160, 0x000002534f9e92f0, 0x000002534f9ef800, 0x000002534f9ee990,
0x000002534f9edb20, 0x000002534f9ea630, 0x000002534f9f01a0, 0x000002534f9e97c0,
0x000002534f9eccb0, 0x000002534f9e9c90, 0x000002534f9edff0, 0x000002534f9ed650,
0x000002534f9eab00, 0x000002534f9eb4a0, 0x000002534f9eb970, 0x000002534f9ee4c0,
0x000002534f88d880, 0x000002534f88f090, 0x000002534f891240, 0x000002534f88e220,
0x000002534f8903d0, 0x000002534f88dd50, 0x000002534f8933f0, 0x000002534f891be0,
0x000002534f892580, 0x000002534f88c070, 0x000002534f88e6f0, 0x000002534f8908a0,
0x000002534f88ebc0, 0x000002534f88f560, 0x000002534f890d70, 0x000002534f8938c0,
0x000002534f88fa30, 0x000002534f88d3b0, 0x000002534f88ff00, 0x000002534f88c540,
0x000002534f88ca10, 0x000002534f88cee0, 0x000002534f8920b0, 0x000002534f891710,
0x000002534f892a50, 0x000002534f892f20, 0x000002534decfe80, 0x000002534decc990,
0x000002534decf010
}

Java Threads: ( => current thread )
  0x0000025331187a70 JavaThread "main" [_thread_blocked, id=3284, stack(0x000000f908e00000,0x000000f908f00000)]
  0x000002534a77d620 JavaThread "Reference Handler" daemon [_thread_blocked, id=8240, stack(0x000000f909500000,0x000000f909600000)]
  0x000002534a77e3a0 JavaThread "Finalizer" daemon [_thread_blocked, id=7764, stack(0x000000f909600000,0x000000f909700000)]
  0x000002534a767f60 JavaThread "Signal Dispatcher" daemon [_thread_blocked, id=2232, stack(0x000000f909800000,0x000000f909900000)]
  0x000002534a768a20 JavaThread "Attach Listener" daemon [_thread_blocked, id=8252, stack(0x000000f909900000,0x000000f909a00000)]
  0x000002534a792580 JavaThread "Service Thread" daemon [_thread_blocked, id=1832, stack(0x000000f909a00000,0x000000f909b00000)]
  0x000002534a792e40 JavaThread "Monitor Deflation Thread" daemon [_thread_blocked, id=1368, stack(0x000000f909b00000,0x000000f909c00000)]
  0x000002534a796990 JavaThread "C2 CompilerThread0" daemon [_thread_blocked, id=10628, stack(0x000000f909c00000,0x000000f909d00000)]
=>0x000002534b13b8d0 JavaThread "C1 CompilerThread0" daemon [_thread_in_native, id=10360, stack(0x000000f909d00000,0x000000f909e00000)]
  0x000002534b150490 JavaThread "Sweeper thread" daemon [_thread_blocked, id=11488, stack(0x000000f909e00000,0x000000f909f00000)]
  0x000002534b2d0ec0 JavaThread "Common-Cleaner" daemon [_thread_blocked, id=12272, stack(0x000000f909f00000,0x000000f90a000000)]
  0x000002534b2b6ba0 JavaThread "Notification Thread" daemon [_thread_blocked, id=12252, stack(0x000000f90a000000,0x000000f90a100000)]
  0x000002534de2f020 JavaThread "Daemon health stats" [_thread_blocked, id=1972, stack(0x000000f90a200000,0x000000f90a300000)]
  0x000002534cabd030 JavaThread "Incoming local TCP Connector on port 55378" [_thread_in_native, id=8992, stack(0x000000f90a600000,0x000000f90a700000)]
  0x000002534c421e20 JavaThread "Daemon periodic checks" [_thread_blocked, id=1484, stack(0x000000f90a700000,0x000000f90a800000)]
  0x000002534c5f1180 JavaThread "Daemon" [_thread_blocked, id=9372, stack(0x000000f90a800000,0x000000f90a900000)]
  0x000002534c802580 JavaThread "Handler for socket connection from /127.0.0.1:55378 to /127.0.0.1:55379" [_thread_in_native, id=9040, stack(0x000000f90a900000,0x000000f90aa00000)]
  0x000002534c7c50a0 JavaThread "Cancel handler" [_thread_blocked, id=1680, stack(0x000000f90aa00000,0x000000f90ab00000)]
  0x000002534e236010 JavaThread "Daemon worker" [_thread_in_native, id=10764, stack(0x000000f90ab00000,0x000000f90ac00000)]
  0x000002534d91c310 JavaThread "Asynchronous log dispatcher for DefaultDaemonConnection: socket connection from /127.0.0.1:55378 to /127.0.0.1:55379" [_thread_blocked, id=8988, stack(0x000000f90ac00000,0x000000f90ad00000)]
  0x000002534d91e4c0 JavaThread "Stdin handler" [_thread_blocked, id=1340, stack(0x000000f90ad00000,0x000000f90ae00000)]
  0x000002534d91afd0 JavaThread "Daemon client event forwarder" [_thread_blocked, id=5824, stack(0x000000f90ae00000,0x000000f90af00000)]
  0x000002534d91be40 JavaThread "Cache worker for journal cache (C:\Users\Pepe\.gradle\caches\journal-1)" [_thread_blocked, id=7528, stack(0x000000f90af00000,0x000000f90b000000)]
  0x000002534d91db20 JavaThread "File lock request listener" [_thread_in_native, id=5200, stack(0x000000f90b000000,0x000000f90b100000)]
  0x000002534d91dff0 JavaThread "Cache worker for file hash cache (C:\Users\Pepe\.gradle\caches\8.0\fileHashes)" [_thread_blocked, id=6856, stack(0x000000f90b100000,0x000000f90b200000)]
  0x000002534d91e990 JavaThread "File watcher server" daemon [_thread_in_native, id=8576, stack(0x000000f90b300000,0x000000f90b400000)]
  0x000002534d91b970 JavaThread "File watcher consumer" daemon [_thread_blocked, id=7600, stack(0x000000f90b400000,0x000000f90b500000)]
  0x000002534d91d180 JavaThread "jar transforms" [_thread_blocked, id=3996, stack(0x000000f90b500000,0x000000f90b600000)]
  0x000002534d91ccb0 JavaThread "jar transforms Thread 2" [_thread_blocked, id=10868, stack(0x000000f90b600000,0x000000f90b700000)]
  0x000002534d91c7e0 JavaThread "jar transforms Thread 3" [_thread_blocked, id=8244, stack(0x000000f90b700000,0x000000f90b800000)]
  0x000002534d91b4a0 JavaThread "jar transforms Thread 4" [_thread_blocked, id=10756, stack(0x000000f90b800000,0x000000f90b900000)]
  0x000002534d91d650 JavaThread "Cache worker for checksums cache (C:\Users\Pepe\AndroidStudioProjects\DiceRoller\.gradle\8.0\checksums)" [_thread_blocked, id=11632, stack(0x000000f90b900000,0x000000f90ba00000)]
  0x000002534f9ec7e0 JavaThread "Cache worker for cache directory md-rule (C:\Users\Pepe\.gradle\caches\8.0\md-rule)" [_thread_blocked, id=3688, stack(0x000000f90ba00000,0x000000f90bb00000)]
  0x000002534f9ec310 JavaThread "Cache worker for file content cache (C:\Users\Pepe\.gradle\caches\8.0\fileContent)" [_thread_blocked, id=8752, stack(0x000000f90bb00000,0x000000f90bc00000)]
  0x000002534f9eee60 JavaThread "Cache worker for file hash cache (C:\Users\Pepe\AndroidStudioProjects\DiceRoller\.gradle\8.0\fileHashes)" [_thread_blocked, id=2432, stack(0x000000f90bc00000,0x000000f90bd00000)]
  0x000002534f9e8950 JavaThread "Cache worker for cache directory md-supplier (C:\Users\Pepe\.gradle\caches\8.0\md-supplier)" [_thread_blocked, id=4636, stack(0x000000f90bd00000,0x000000f90be00000)]
  0x000002534f9ea160 JavaThread "Cache worker for execution history cache (C:\Users\Pepe\.gradle\caches\8.0\executionHistory)" [_thread_blocked, id=2068, stack(0x000000f90b200000,0x000000f90b300000)]
  0x000002534f9e92f0 JavaThread "Cache worker for kotlin-dsl (C:\Users\Pepe\.gradle\caches\8.0\kotlin-dsl)" [_thread_blocked, id=10212, stack(0x000000f90bf00000,0x000000f90c000000)]
  0x000002534f9ef800 JavaThread "Cache worker for dependencies-accessors (C:\Users\Pepe\AndroidStudioProjects\DiceRoller\.gradle\8.0\dependencies-accessors)" [_thread_blocked, id=6408, stack(0x000000f90c000000,0x000000f90c100000)]
  0x000002534f9ee990 JavaThread "Cache worker for Build Output Cleanup Cache (C:\Users\Pepe\AndroidStudioProjects\DiceRoller\.gradle\buildOutputCleanup)" [_thread_blocked, id=6704, stack(0x000000f90c100000,0x000000f90c200000)]
  0x000002534f9edb20 JavaThread "Unconstrained build operations" [_thread_blocked, id=8920, stack(0x000000f90be00000,0x000000f90bf00000)]
  0x000002534f9ea630 JavaThread "Unconstrained build operations Thread 2" [_thread_blocked, id=11828, stack(0x000000f90c300000,0x000000f90c400000)]
  0x000002534f9f01a0 JavaThread "Unconstrained build operations Thread 3" [_thread_blocked, id=5508, stack(0x000000f90c400000,0x000000f90c500000)]
  0x000002534f9e97c0 JavaThread "Unconstrained build operations Thread 4" [_thread_blocked, id=8736, stack(0x000000f90c500000,0x000000f90c600000)]
  0x000002534f9eccb0 JavaThread "Unconstrained build operations Thread 5" [_thread_blocked, id=3428, stack(0x000000f90c600000,0x000000f90c700000)]
  0x000002534f9e9c90 JavaThread "Unconstrained build operations Thread 6" [_thread_blocked, id=10820, stack(0x000000f90c700000,0x000000f90c800000)]
  0x000002534f9edff0 JavaThread "Unconstrained build operations Thread 7" [_thread_blocked, id=10296, stack(0x000000f90c800000,0x000000f90c900000)]
  0x000002534f9ed650 JavaThread "Unconstrained build operations Thread 8" [_thread_blocked, id=8268, stack(0x000000f90c900000,0x000000f90ca00000)]
  0x000002534f9eab00 JavaThread "Unconstrained build operations Thread 9" [_thread_blocked, id=8220, stack(0x000000f90ca00000,0x000000f90cb00000)]
  0x000002534f9eb4a0 JavaThread "Unconstrained build operations Thread 10" [_thread_blocked, id=11540, stack(0x000000f90cb00000,0x000000f90cc00000)]
  0x000002534f9eb970 JavaThread "Unconstrained build operations Thread 11" [_thread_blocked, id=836, stack(0x000000f90cc00000,0x000000f90cd00000)]
  0x000002534f9ee4c0 JavaThread "Unconstrained build operations Thread 12" [_thread_blocked, id=11868, stack(0x000000f90cd00000,0x000000f90ce00000)]
  0x000002534f88d880 JavaThread "Unconstrained build operations Thread 13" [_thread_blocked, id=1468, stack(0x000000f90ce00000,0x000000f90cf00000)]
  0x000002534f88f090 JavaThread "Unconstrained build operations Thread 14" [_thread_blocked, id=8300, stack(0x000000f90cf00000,0x000000f90d000000)]
  0x000002534f891240 JavaThread "Unconstrained build operations Thread 15" [_thread_blocked, id=5708, stack(0x000000f90d000000,0x000000f90d100000)]
  0x000002534f88e220 JavaThread "Unconstrained build operations Thread 16" [_thread_blocked, id=6932, stack(0x000000f90d100000,0x000000f90d200000)]
  0x000002534f8903d0 JavaThread "Unconstrained build operations Thread 17" [_thread_blocked, id=6008, stack(0x000000f90d200000,0x000000f90d300000)]
  0x000002534f88dd50 JavaThread "Unconstrained build operations Thread 18" [_thread_blocked, id=5448, stack(0x000000f90d300000,0x000000f90d400000)]
  0x000002534f8933f0 JavaThread "Unconstrained build operations Thread 19" [_thread_blocked, id=9692, stack(0x000000f90d400000,0x000000f90d500000)]
  0x000002534f891be0 JavaThread "Unconstrained build operations Thread 20" [_thread_blocked, id=4480, stack(0x000000f90d500000,0x000000f90d600000)]
  0x000002534f892580 JavaThread "Unconstrained build operations Thread 21" [_thread_blocked, id=8960, stack(0x000000f90d600000,0x000000f90d700000)]
  0x000002534f88c070 JavaThread "Unconstrained build operations Thread 22" [_thread_blocked, id=9296, stack(0x000000f90d700000,0x000000f90d800000)]
  0x000002534f88e6f0 JavaThread "Unconstrained build operations Thread 23" [_thread_blocked, id=10000, stack(0x000000f90d800000,0x000000f90d900000)]
  0x000002534f8908a0 JavaThread "Unconstrained build operations Thread 24" [_thread_blocked, id=8760, stack(0x000000f90d900000,0x000000f90da00000)]
  0x000002534f88ebc0 JavaThread "Unconstrained build operations Thread 25" [_thread_blocked, id=9220, stack(0x000000f90da00000,0x000000f90db00000)]
  0x000002534f88f560 JavaThread "Unconstrained build operations Thread 26" [_thread_blocked, id=7864, stack(0x000000f90db00000,0x000000f90dc00000)]
  0x000002534f890d70 JavaThread "Unconstrained build operations Thread 27" [_thread_blocked, id=9468, stack(0x000000f90dc00000,0x000000f90dd00000)]
  0x000002534f8938c0 JavaThread "Unconstrained build operations Thread 28" [_thread_blocked, id=3720, stack(0x000000f90dd00000,0x000000f90de00000)]
  0x000002534f88fa30 JavaThread "Unconstrained build operations Thread 29" [_thread_blocked, id=9648, stack(0x000000f90de00000,0x000000f90df00000)]
  0x000002534f88d3b0 JavaThread "Unconstrained build operations Thread 30" [_thread_blocked, id=5944, stack(0x000000f90df00000,0x000000f90e000000)]
  0x000002534f88ff00 JavaThread "Unconstrained build operations Thread 31" [_thread_blocked, id=9104, stack(0x000000f90e000000,0x000000f90e100000)]
  0x000002534f88c540 JavaThread "Unconstrained build operations Thread 32" [_thread_blocked, id=8968, stack(0x000000f90e100000,0x000000f90e200000)]
  0x000002534f88ca10 JavaThread "Unconstrained build operations Thread 33" [_thread_blocked, id=9320, stack(0x000000f90e200000,0x000000f90e300000)]
  0x000002534f88cee0 JavaThread "Unconstrained build operations Thread 34" [_thread_blocked, id=2520, stack(0x000000f90e300000,0x000000f90e400000)]
  0x000002534f8920b0 JavaThread "Unconstrained build operations Thread 35" [_thread_blocked, id=11416, stack(0x000000f90e400000,0x000000f90e500000)]
  0x000002534f891710 JavaThread "Unconstrained build operations Thread 36" [_thread_blocked, id=7640, stack(0x000000f90e500000,0x000000f90e600000)]
  0x000002534f892a50 JavaThread "Unconstrained build operations Thread 37" [_thread_blocked, id=9012, stack(0x000000f90e600000,0x000000f90e700000)]
  0x000002534f892f20 JavaThread "Unconstrained build operations Thread 38" [_thread_blocked, id=9004, stack(0x000000f90e700000,0x000000f90e800000)]
  0x000002534decfe80 JavaThread "Unconstrained build operations Thread 39" [_thread_blocked, id=4204, stack(0x000000f90e800000,0x000000f90e900000)]
  0x000002534decc990 JavaThread "Unconstrained build operations Thread 40" [_thread_blocked, id=8144, stack(0x000000f90e900000,0x000000f90ea00000)]
  0x000002534decf010 JavaThread "Memory manager" [_thread_blocked, id=11716, stack(0x000000f90eb00000,0x000000f90ec00000)]

Other Threads:
  0x000002534a756890 VMThread "VM Thread" [stack: 0x000000f909400000,0x000000f909500000] [id=9152]
  0x000002534b2d1ba0 WatcherThread [stack: 0x000000f90a100000,0x000000f90a200000] [id=11400]
  0x00000253311e60e0 GCTaskThread "GC Thread#0" [stack: 0x000000f908f00000,0x000000f909000000] [id=1964]
  0x000002534b6f6640 GCTaskThread "GC Thread#1" [stack: 0x000000f90a300000,0x000000f90a400000] [id=6064]
  0x000002534b6d96f0 GCTaskThread "GC Thread#2" [stack: 0x000000f90a400000,0x000000f90a500000] [id=5952]
  0x000002534c20f300 GCTaskThread "GC Thread#3" [stack: 0x000000f90a500000,0x000000f90a600000] [id=2624]
  0x00000253311f6f30 ConcurrentGCThread "G1 Main Marker" [stack: 0x000000f909000000,0x000000f909100000] [id=5108]
  0x00000253311f7850 ConcurrentGCThread "G1 Conc#0" [stack: 0x000000f909100000,0x000000f909200000] [id=10636]
  0x000002533125e0c0 ConcurrentGCThread "G1 Refine#0" [stack: 0x000000f909200000,0x000000f909300000] [id=4340]
  0x000002533125e9f0 ConcurrentGCThread "G1 Service" [stack: 0x000000f909300000,0x000000f909400000] [id=5792]

Threads with active compile tasks:
C1 CompilerThread0    28924 7905   !   3       java.net.URLClassLoader::findClass (47 bytes)

VM state: not at safepoint (normal execution)

VM Mutex/Monitor currently owned by a thread: None

Heap address: 0x0000000080000000, size: 2048 MB, Compressed Oops mode: 32-bit

CDS archive(s) not mapped
Compressed class space mapped at: 0x0000000100000000-0x0000000140000000, reserved size: 1073741824
Narrow klass base: 0x0000000000000000, Narrow klass shift: 3, Narrow klass range: 0x140000000

GC Precious Log:
 CPUs: 4 total, 4 available
 Memory: 8083M
 Large Page Support: Disabled
 NUMA Support: Disabled
 Compressed Oops: Enabled (32-bit)
 Heap Region Size: 1M
 Heap Min Capacity: 8M
 Heap Initial Capacity: 128M
 Heap Max Capacity: 2G
 Pre-touch: Disabled
 Parallel Workers: 4
 Concurrent Workers: 1
 Concurrent Refinement Workers: 4
 Periodic GC: Disabled

Heap:
 garbage-first heap   total 173056K, used 103741K [0x0000000080000000, 0x0000000100000000)
  region size 1024K, 4 young (4096K), 1 survivors (1024K)
 Metaspace       used 79856K, committed 80512K, reserved 1122304K
  class space    used 10644K, committed 10944K, reserved 1048576K

Heap Regions: E=young(eden), S=young(survivor), O=old, HS=humongous(starts), HC=humongous(continues), CS=collection set, F=free, OA=open archive, CA=closed archive, TAMS=top-at-mark-start (previous, next)
|   0|0x0000000080000000, 0x0000000080100000, 0x0000000080100000|100%| O|  |TAMS 0x0000000080100000, 0x0000000080000000| Untracked 
|   1|0x0000000080100000, 0x0000000080200000, 0x0000000080200000|100%| O|  |TAMS 0x0000000080200000, 0x0000000080100000| Untracked 
|   2|0x0000000080200000, 0x0000000080300000, 0x0000000080300000|100%|HS|  |TAMS 0x0000000080300000, 0x0000000080200000| Complete 
|   3|0x0000000080300000, 0x0000000080400000, 0x0000000080400000|100%|HC|  |TAMS 0x0000000080400000, 0x0000000080300000| Complete 
|   4|0x0000000080400000, 0x0000000080500000, 0x0000000080500000|100%|HC|  |TAMS 0x0000000080500000, 0x0000000080400000| Complete 
|   5|0x0000000080500000, 0x0000000080600000, 0x0000000080600000|100%|HC|  |TAMS 0x0000000080600000, 0x0000000080500000| Complete 
|   6|0x0000000080600000, 0x0000000080700000, 0x0000000080700000|100%| O|  |TAMS 0x0000000080700000, 0x0000000080600000| Untracked 
|   7|0x0000000080700000, 0x0000000080800000, 0x0000000080800000|100%| O|  |TAMS 0x0000000080800000, 0x0000000080700000| Untracked 
|   8|0x0000000080800000, 0x0000000080900000, 0x0000000080900000|100%| O|  |TAMS 0x0000000080900000, 0x0000000080800000| Untracked 
|   9|0x0000000080900000, 0x0000000080a00000, 0x0000000080a00000|100%| O|  |TAMS 0x0000000080a00000, 0x0000000080900000| Untracked 
|  10|0x0000000080a00000, 0x0000000080b00000, 0x0000000080b00000|100%| O|  |TAMS 0x0000000080b00000, 0x0000000080a00000| Untracked 
|  11|0x0000000080b00000, 0x0000000080c00000, 0x0000000080c00000|100%| O|  |TAMS 0x0000000080b00000, 0x0000000080b00000| Untracked 
|  12|0x0000000080c00000, 0x0000000080d00000, 0x0000000080d00000|100%| O|  |TAMS 0x0000000080d00000, 0x0000000080c00000| Untracked 
|  13|0x0000000080d00000, 0x0000000080e00000, 0x0000000080e00000|100%| O|  |TAMS 0x0000000080e00000, 0x0000000080d00000| Untracked 
|  14|0x0000000080e00000, 0x0000000080f00000, 0x0000000080f00000|100%| O|  |TAMS 0x0000000080f00000, 0x0000000080e00000| Untracked 
|  15|0x0000000080f00000, 0x0000000081000000, 0x0000000081000000|100%| O|  |TAMS 0x0000000081000000, 0x0000000080f00000| Untracked 
|  16|0x0000000081000000, 0x0000000081100000, 0x0000000081100000|100%| O|  |TAMS 0x0000000081100000, 0x0000000081000000| Untracked 
|  17|0x0000000081100000, 0x0000000081200000, 0x0000000081200000|100%| O|  |TAMS 0x0000000081200000, 0x0000000081100000| Untracked 
|  18|0x0000000081200000, 0x0000000081300000, 0x0000000081300000|100%| O|  |TAMS 0x0000000081300000, 0x0000000081200000| Untracked 
|  19|0x0000000081300000, 0x0000000081400000, 0x0000000081400000|100%|HS|  |TAMS 0x0000000081400000, 0x0000000081300000| Complete 
|  20|0x0000000081400000, 0x0000000081500000, 0x0000000081500000|100%|HC|  |TAMS 0x0000000081500000, 0x0000000081400000| Complete 
|  21|0x0000000081500000, 0x0000000081600000, 0x0000000081600000|100%| O|  |TAMS 0x0000000081600000, 0x0000000081500000| Untracked 
|  22|0x0000000081600000, 0x0000000081700000, 0x0000000081700000|100%| O|  |TAMS 0x0000000081700000, 0x0000000081600000| Untracked 
|  23|0x0000000081700000, 0x0000000081800000, 0x0000000081800000|100%| O|  |TAMS 0x0000000081800000, 0x0000000081700000| Untracked 
|  24|0x0000000081800000, 0x0000000081900000, 0x0000000081900000|100%| O|  |TAMS 0x0000000081900000, 0x0000000081800000| Untracked 
|  25|0x0000000081900000, 0x0000000081a00000, 0x0000000081a00000|100%| O|  |TAMS 0x0000000081a00000, 0x0000000081900000| Untracked 
|  26|0x0000000081a00000, 0x0000000081b00000, 0x0000000081b00000|100%|HS|  |TAMS 0x0000000081b00000, 0x0000000081a00000| Complete 
|  27|0x0000000081b00000, 0x0000000081c00000, 0x0000000081c00000|100%|HC|  |TAMS 0x0000000081c00000, 0x0000000081b00000| Complete 
|  28|0x0000000081c00000, 0x0000000081d00000, 0x0000000081d00000|100%|HC|  |TAMS 0x0000000081d00000, 0x0000000081c00000| Complete 
|  29|0x0000000081d00000, 0x0000000081e00000, 0x0000000081e00000|100%|HS|  |TAMS 0x0000000081e00000, 0x0000000081d00000| Complete 
|  30|0x0000000081e00000, 0x0000000081f00000, 0x0000000081f00000|100%|HC|  |TAMS 0x0000000081f00000, 0x0000000081e00000| Complete 
|  31|0x0000000081f00000, 0x0000000082000000, 0x0000000082000000|100%|HC|  |TAMS 0x0000000082000000, 0x0000000081f00000| Complete 
|  32|0x0000000082000000, 0x0000000082100000, 0x0000000082100000|100%|HS|  |TAMS 0x0000000082100000, 0x0000000082000000| Complete 
|  33|0x0000000082100000, 0x0000000082200000, 0x0000000082200000|100%|HC|  |TAMS 0x0000000082200000, 0x0000000082100000| Complete 
|  34|0x0000000082200000, 0x0000000082300000, 0x0000000082300000|100%| O|  |TAMS 0x0000000082300000, 0x0000000082200000| Untracked 
|  35|0x0000000082300000, 0x0000000082400000, 0x0000000082400000|100%| O|  |TAMS 0x0000000082400000, 0x0000000082300000| Untracked 
|  36|0x0000000082400000, 0x0000000082500000, 0x0000000082500000|100%| O|  |TAMS 0x0000000082500000, 0x0000000082400000| Untracked 
|  37|0x0000000082500000, 0x0000000082600000, 0x0000000082600000|100%| O|  |TAMS 0x0000000082600000, 0x0000000082500000| Untracked 
|  38|0x0000000082600000, 0x0000000082700000, 0x0000000082700000|100%| O|  |TAMS 0x0000000082700000, 0x0000000082600000| Untracked 
|  39|0x0000000082700000, 0x0000000082800000, 0x0000000082800000|100%| O|  |TAMS 0x0000000082800000, 0x0000000082700000| Untracked 
|  40|0x0000000082800000, 0x0000000082900000, 0x0000000082900000|100%| O|  |TAMS 0x0000000082900000, 0x0000000082800000| Untracked 
|  41|0x0000000082900000, 0x0000000082a00000, 0x0000000082a00000|100%| O|  |TAMS 0x0000000082a00000, 0x0000000082900000| Untracked 
|  42|0x0000000082a00000, 0x0000000082b00000, 0x0000000082b00000|100%|HS|  |TAMS 0x0000000082b00000, 0x0000000082a00000| Complete 
|  43|0x0000000082b00000, 0x0000000082c00000, 0x0000000082c00000|100%|HC|  |TAMS 0x0000000082c00000, 0x0000000082b00000| Complete 
|  44|0x0000000082c00000, 0x0000000082d00000, 0x0000000082d00000|100%|HC|  |TAMS 0x0000000082d00000, 0x0000000082c00000| Complete 
|  45|0x0000000082d00000, 0x0000000082e00000, 0x0000000082e00000|100%|HC|  |TAMS 0x0000000082e00000, 0x0000000082d00000| Complete 
|  46|0x0000000082e00000, 0x0000000082f00000, 0x0000000082f00000|100%|HC|  |TAMS 0x0000000082f00000, 0x0000000082e00000| Complete 
|  47|0x0000000082f00000, 0x0000000083000000, 0x0000000083000000|100%|HC|  |TAMS 0x0000000083000000, 0x0000000082f00000| Complete 
|  48|0x0000000083000000, 0x0000000083100000, 0x0000000083100000|100%|HC|  |TAMS 0x0000000083100000, 0x0000000083000000| Complete 
|  49|0x0000000083100000, 0x0000000083200000, 0x0000000083200000|100%|HC|  |TAMS 0x0000000083200000, 0x0000000083100000| Complete 
|  50|0x0000000083200000, 0x0000000083300000, 0x0000000083300000|100%|HC|  |TAMS 0x0000000083300000, 0x0000000083200000| Complete 
|  51|0x0000000083300000, 0x0000000083400000, 0x0000000083400000|100%|HC|  |TAMS 0x0000000083400000, 0x0000000083300000| Complete 
|  52|0x0000000083400000, 0x0000000083500000, 0x0000000083500000|100%|HC|  |TAMS 0x0000000083500000, 0x0000000083400000| Complete 
|  53|0x0000000083500000, 0x0000000083600000, 0x0000000083600000|100%|HC|  |TAMS 0x0000000083600000, 0x0000000083500000| Complete 
|  54|0x0000000083600000, 0x0000000083700000, 0x0000000083700000|100%|HS|  |TAMS 0x0000000083700000, 0x0000000083600000| Complete 
|  55|0x0000000083700000, 0x0000000083800000, 0x0000000083800000|100%|HC|  |TAMS 0x0000000083800000, 0x0000000083700000| Complete 
|  56|0x0000000083800000, 0x0000000083900000, 0x0000000083900000|100%|HC|  |TAMS 0x0000000083900000, 0x0000000083800000| Complete 
|  57|0x0000000083900000, 0x0000000083a00000, 0x0000000083a00000|100%| O|  |TAMS 0x0000000083a00000, 0x0000000083900000| Untracked 
|  58|0x0000000083a00000, 0x0000000083b00000, 0x0000000083b00000|100%| O|  |TAMS 0x0000000083b00000, 0x0000000083a00000| Untracked 
|  59|0x0000000083b00000, 0x0000000083c00000, 0x0000000083c00000|100%|HS|  |TAMS 0x0000000083c00000, 0x0000000083b00000| Complete 
|  60|0x0000000083c00000, 0x0000000083d00000, 0x0000000083d00000|100%|HC|  |TAMS 0x0000000083d00000, 0x0000000083c00000| Complete 
|  61|0x0000000083d00000, 0x0000000083e00000, 0x0000000083e00000|100%|HC|  |TAMS 0x0000000083e00000, 0x0000000083d00000| Complete 
|  62|0x0000000083e00000, 0x0000000083f00000, 0x0000000083f00000|100%| O|  |TAMS 0x0000000083f00000, 0x0000000083e00000| Untracked 
|  63|0x0000000083f00000, 0x0000000084000000, 0x0000000084000000|100%| O|  |TAMS 0x0000000084000000, 0x0000000083f00000| Untracked 
|  64|0x0000000084000000, 0x0000000084100000, 0x0000000084100000|100%| O|  |TAMS 0x0000000084100000, 0x0000000084000000| Untracked 
|  65|0x0000000084100000, 0x0000000084200000, 0x0000000084200000|100%| O|  |TAMS 0x0000000084200000, 0x0000000084100000| Untracked 
|  66|0x0000000084200000, 0x0000000084300000, 0x0000000084300000|100%| O|  |TAMS 0x0000000084300000, 0x0000000084200000| Untracked 
|  67|0x0000000084300000, 0x0000000084400000, 0x0000000084400000|100%| O|  |TAMS 0x0000000084400000, 0x0000000084300000| Untracked 
|  68|0x0000000084400000, 0x0000000084500000, 0x0000000084500000|100%| O|  |TAMS 0x0000000084500000, 0x0000000084400000| Untracked 
|  69|0x0000000084500000, 0x0000000084600000, 0x0000000084600000|100%| O|  |TAMS 0x0000000084600000, 0x0000000084500000| Untracked 
|  70|0x0000000084600000, 0x0000000084700000, 0x0000000084700000|100%| O|  |TAMS 0x0000000084700000, 0x0000000084600000| Untracked 
|  71|0x0000000084700000, 0x0000000084800000, 0x0000000084800000|100%|HS|  |TAMS 0x0000000084800000, 0x0000000084700000| Complete 
|  72|0x0000000084800000, 0x0000000084900000, 0x0000000084900000|100%|HS|  |TAMS 0x0000000084900000, 0x0000000084800000| Complete 
|  73|0x0000000084900000, 0x0000000084a00000, 0x0000000084a00000|100%|HS|  |TAMS 0x0000000084a00000, 0x0000000084900000| Complete 
|  74|0x0000000084a00000, 0x0000000084b00000, 0x0000000084b00000|100%|HC|  |TAMS 0x0000000084b00000, 0x0000000084a00000| Complete 
|  75|0x0000000084b00000, 0x0000000084c00000, 0x0000000084c00000|100%| O|  |TAMS 0x0000000084c00000, 0x0000000084b00000| Untracked 
|  76|0x0000000084c00000, 0x0000000084d00000, 0x0000000084d00000|100%| O|  |TAMS 0x0000000084d00000, 0x0000000084c00000| Untracked 
|  77|0x0000000084d00000, 0x0000000084e00000, 0x0000000084e00000|100%| O|  |TAMS 0x0000000084e00000, 0x0000000084d00000| Untracked 
|  78|0x0000000084e00000, 0x0000000084f00000, 0x0000000084f00000|100%| O|  |TAMS 0x0000000084f00000, 0x0000000084e00000| Untracked 
|  79|0x0000000084f00000, 0x0000000085000000, 0x0000000085000000|100%|HS|  |TAMS 0x0000000085000000, 0x0000000084f00000| Complete 
|  80|0x0000000085000000, 0x0000000085100000, 0x0000000085100000|100%|HS|  |TAMS 0x0000000085100000, 0x0000000085000000| Complete 
|  81|0x0000000085100000, 0x0000000085200000, 0x0000000085200000|100%|HC|  |TAMS 0x0000000085200000, 0x0000000085100000| Complete 
|  82|0x0000000085200000, 0x0000000085300000, 0x0000000085300000|100%|HC|  |TAMS 0x0000000085300000, 0x0000000085200000| Complete 
|  83|0x0000000085300000, 0x0000000085400000, 0x0000000085400000|100%|HC|  |TAMS 0x0000000085400000, 0x0000000085300000| Complete 
|  84|0x0000000085400000, 0x0000000085400000, 0x0000000085500000|  0%| F|  |TAMS 0x0000000085400000, 0x0000000085400000| Untracked 
|  85|0x0000000085500000, 0x0000000085600000, 0x0000000085600000|100%| O|  |TAMS 0x0000000085600000, 0x0000000085500000| Untracked 
|  86|0x0000000085600000, 0x0000000085700000, 0x0000000085700000|100%| O|  |TAMS 0x0000000085700000, 0x0000000085600000| Untracked 
|  87|0x0000000085700000, 0x0000000085800000, 0x0000000085800000|100%| O|  |TAMS 0x0000000085800000, 0x0000000085700000| Untracked 
|  88|0x0000000085800000, 0x0000000085900000, 0x0000000085900000|100%| O|  |TAMS 0x0000000085900000, 0x0000000085800000| Untracked 
|  89|0x0000000085900000, 0x0000000085a00000, 0x0000000085a00000|100%| O|  |TAMS 0x0000000085a00000, 0x0000000085900000| Untracked 
|  90|0x0000000085a00000, 0x0000000085b00000, 0x0000000085b00000|100%| O|  |TAMS 0x0000000085b00000, 0x0000000085a00000| Untracked 
|  91|0x0000000085b00000, 0x0000000085c00000, 0x0000000085c00000|100%| O|  |TAMS 0x0000000085c00000, 0x0000000085b00000| Untracked 
|  92|0x0000000085c00000, 0x0000000085d00000, 0x0000000085d00000|100%| O|  |TAMS 0x0000000085d00000, 0x0000000085c00000| Untracked 
|  93|0x0000000085d00000, 0x0000000085e00000, 0x0000000085e00000|100%| O|  |TAMS 0x0000000085e00000, 0x0000000085d00000| Untracked 
|  94|0x0000000085e00000, 0x0000000085f00000, 0x0000000085f00000|100%| O|  |TAMS 0x0000000085f00000, 0x0000000085e00000| Untracked 
|  95|0x0000000085f00000, 0x0000000086000000, 0x0000000086000000|100%| O|  |TAMS 0x0000000085f55200, 0x0000000085f00000| Untracked 
|  96|0x0000000086000000, 0x0000000086100000, 0x0000000086100000|100%| O|  |TAMS 0x0000000086000000, 0x0000000086000000| Untracked 
|  97|0x0000000086100000, 0x0000000086200000, 0x0000000086200000|100%| O|  |TAMS 0x0000000086100000, 0x0000000086100000| Untracked 
|  98|0x0000000086200000, 0x0000000086300000, 0x0000000086300000|100%| O|  |TAMS 0x0000000086300000, 0x0000000086200000| Untracked 
|  99|0x0000000086300000, 0x000000008639b600, 0x0000000086400000| 60%| O|  |TAMS 0x0000000086300000, 0x0000000086300000| Untracked 
| 100|0x0000000086400000, 0x0000000086400000, 0x0000000086500000|  0%| F|  |TAMS 0x0000000086400000, 0x0000000086400000| Untracked 
| 101|0x0000000086500000, 0x0000000086500000, 0x0000000086600000|  0%| F|  |TAMS 0x0000000086500000, 0x0000000086500000| Untracked 
| 102|0x0000000086600000, 0x0000000086600000, 0x0000000086700000|  0%| F|  |TAMS 0x0000000086600000, 0x0000000086600000| Untracked 
| 103|0x0000000086700000, 0x0000000086700000, 0x0000000086800000|  0%| F|  |TAMS 0x0000000086700000, 0x0000000086700000| Untracked 
| 104|0x0000000086800000, 0x0000000086800000, 0x0000000086900000|  0%| F|  |TAMS 0x0000000086800000, 0x0000000086800000| Untracked 
| 105|0x0000000086900000, 0x0000000086900000, 0x0000000086a00000|  0%| F|  |TAMS 0x0000000086900000, 0x0000000086900000| Untracked 
| 106|0x0000000086a00000, 0x0000000086a00000, 0x0000000086b00000|  0%| F|  |TAMS 0x0000000086a00000, 0x0000000086a00000| Untracked 
| 107|0x0000000086b00000, 0x0000000086b00000, 0x0000000086c00000|  0%| F|  |TAMS 0x0000000086b00000, 0x0000000086b00000| Untracked 
| 108|0x0000000086c00000, 0x0000000086c00000, 0x0000000086d00000|  0%| F|  |TAMS 0x0000000086c00000, 0x0000000086c00000| Untracked 
| 109|0x0000000086d00000, 0x0000000086d00000, 0x0000000086e00000|  0%| F|  |TAMS 0x0000000086d00000, 0x0000000086d00000| Untracked 
| 110|0x0000000086e00000, 0x0000000086e00000, 0x0000000086f00000|  0%| F|  |TAMS 0x0000000086e00000, 0x0000000086e00000| Untracked 
| 111|0x0000000086f00000, 0x0000000086f00000, 0x0000000087000000|  0%| F|  |TAMS 0x0000000086f00000, 0x0000000086f00000| Untracked 
| 112|0x0000000087000000, 0x0000000087000000, 0x0000000087100000|  0%| F|  |TAMS 0x0000000087000000, 0x0000000087000000| Untracked 
| 113|0x0000000087100000, 0x0000000087100000, 0x0000000087200000|  0%| F|  |TAMS 0x0000000087100000, 0x0000000087100000| Untracked 
| 114|0x0000000087200000, 0x0000000087200000, 0x0000000087300000|  0%| F|  |TAMS 0x0000000087200000, 0x0000000087200000| Untracked 
| 115|0x0000000087300000, 0x0000000087300000, 0x0000000087400000|  0%| F|  |TAMS 0x0000000087300000, 0x0000000087300000| Untracked 
| 116|0x0000000087400000, 0x0000000087400000, 0x0000000087500000|  0%| F|  |TAMS 0x0000000087400000, 0x0000000087400000| Untracked 
| 117|0x0000000087500000, 0x0000000087500000, 0x0000000087600000|  0%| F|  |TAMS 0x0000000087500000, 0x0000000087500000| Untracked 
| 118|0x0000000087600000, 0x0000000087600000, 0x0000000087700000|  0%| F|  |TAMS 0x0000000087600000, 0x0000000087600000| Untracked 
| 119|0x0000000087700000, 0x0000000087700000, 0x0000000087800000|  0%| F|  |TAMS 0x0000000087700000, 0x0000000087700000| Untracked 
| 120|0x0000000087800000, 0x0000000087800000, 0x0000000087900000|  0%| F|  |TAMS 0x0000000087800000, 0x0000000087800000| Untracked 
| 121|0x0000000087900000, 0x0000000087900000, 0x0000000087a00000|  0%| F|  |TAMS 0x0000000087900000, 0x0000000087900000| Untracked 
| 122|0x0000000087a00000, 0x0000000087a00000, 0x0000000087b00000|  0%| F|  |TAMS 0x0000000087a00000, 0x0000000087a00000| Untracked 
| 123|0x0000000087b00000, 0x0000000087b00000, 0x0000000087c00000|  0%| F|  |TAMS 0x0000000087b00000, 0x0000000087b00000| Untracked 
| 124|0x0000000087c00000, 0x0000000087c00000, 0x0000000087d00000|  0%| F|  |TAMS 0x0000000087c00000, 0x0000000087c00000| Untracked 
| 125|0x0000000087d00000, 0x0000000087d00000, 0x0000000087e00000|  0%| F|  |TAMS 0x0000000087d00000, 0x0000000087d00000| Untracked 
| 126|0x0000000087e00000, 0x0000000087e00000, 0x0000000087f00000|  0%| F|  |TAMS 0x0000000087e00000, 0x0000000087e00000| Untracked 
| 127|0x0000000087f00000, 0x0000000087f00000, 0x0000000088000000|  0%| F|  |TAMS 0x0000000087f00000, 0x0000000087f00000| Untracked 
| 128|0x0000000088000000, 0x0000000088000000, 0x0000000088100000|  0%| F|  |TAMS 0x0000000088000000, 0x0000000088000000| Untracked 
| 129|0x0000000088100000, 0x0000000088100000, 0x0000000088200000|  0%| F|  |TAMS 0x0000000088100000, 0x0000000088100000| Untracked 
| 130|0x0000000088200000, 0x0000000088200000, 0x0000000088300000|  0%| F|  |TAMS 0x0000000088200000, 0x0000000088200000| Untracked 
| 131|0x0000000088300000, 0x0000000088300000, 0x0000000088400000|  0%| F|  |TAMS 0x0000000088300000, 0x0000000088300000| Untracked 
| 132|0x0000000088400000, 0x0000000088400000, 0x0000000088500000|  0%| F|  |TAMS 0x0000000088400000, 0x0000000088400000| Untracked 
| 133|0x0000000088500000, 0x0000000088500000, 0x0000000088600000|  0%| F|  |TAMS 0x0000000088500000, 0x0000000088500000| Untracked 
| 134|0x0000000088600000, 0x0000000088600000, 0x0000000088700000|  0%| F|  |TAMS 0x0000000088600000, 0x0000000088600000| Untracked 
| 135|0x0000000088700000, 0x0000000088700000, 0x0000000088800000|  0%| F|  |TAMS 0x0000000088700000, 0x0000000088700000| Untracked 
| 136|0x0000000088800000, 0x0000000088800000, 0x0000000088900000|  0%| F|  |TAMS 0x0000000088800000, 0x0000000088800000| Untracked 
| 137|0x0000000088900000, 0x0000000088900000, 0x0000000088a00000|  0%| F|  |TAMS 0x0000000088900000, 0x0000000088900000| Untracked 
| 138|0x0000000088a00000, 0x0000000088a00000, 0x0000000088b00000|  0%| F|  |TAMS 0x0000000088a00000, 0x0000000088a00000| Untracked 
| 139|0x0000000088b00000, 0x0000000088b00000, 0x0000000088c00000|  0%| F|  |TAMS 0x0000000088b00000, 0x0000000088b00000| Untracked 
| 140|0x0000000088c00000, 0x0000000088c00000, 0x0000000088d00000|  0%| F|  |TAMS 0x0000000088c00000, 0x0000000088c00000| Untracked 
| 141|0x0000000088d00000, 0x0000000088d00000, 0x0000000088e00000|  0%| F|  |TAMS 0x0000000088d00000, 0x0000000088d00000| Untracked 
| 142|0x0000000088e00000, 0x0000000088e00000, 0x0000000088f00000|  0%| F|  |TAMS 0x0000000088e00000, 0x0000000088e00000| Untracked 
| 143|0x0000000088f00000, 0x0000000088f00000, 0x0000000089000000|  0%| F|  |TAMS 0x0000000088f00000, 0x0000000088f00000| Untracked 
| 144|0x0000000089000000, 0x0000000089000000, 0x0000000089100000|  0%| F|  |TAMS 0x0000000089000000, 0x0000000089000000| Untracked 
| 145|0x0000000089100000, 0x0000000089100000, 0x0000000089200000|  0%| F|  |TAMS 0x0000000089100000, 0x0000000089100000| Untracked 
| 146|0x0000000089200000, 0x0000000089200000, 0x0000000089300000|  0%| F|  |TAMS 0x0000000089200000, 0x0000000089200000| Untracked 
| 147|0x0000000089300000, 0x0000000089300000, 0x0000000089400000|  0%| F|  |TAMS 0x0000000089300000, 0x0000000089300000| Untracked 
| 148|0x0000000089400000, 0x0000000089400000, 0x0000000089500000|  0%| F|  |TAMS 0x0000000089400000, 0x0000000089400000| Untracked 
| 149|0x0000000089500000, 0x0000000089500000, 0x0000000089600000|  0%| F|  |TAMS 0x0000000089500000, 0x0000000089500000| Untracked 
| 150|0x0000000089600000, 0x0000000089600000, 0x0000000089700000|  0%| F|  |TAMS 0x0000000089600000, 0x0000000089600000| Untracked 
| 151|0x0000000089700000, 0x0000000089700000, 0x0000000089800000|  0%| F|  |TAMS 0x0000000089700000, 0x0000000089700000| Untracked 
| 152|0x0000000089800000, 0x0000000089800000, 0x0000000089900000|  0%| F|  |TAMS 0x0000000089800000, 0x0000000089800000| Untracked 
| 153|0x0000000089900000, 0x0000000089900000, 0x0000000089a00000|  0%| F|  |TAMS 0x0000000089900000, 0x0000000089900000| Untracked 
| 154|0x0000000089a00000, 0x0000000089a00000, 0x0000000089b00000|  0%| F|  |TAMS 0x0000000089a00000, 0x0000000089a00000| Untracked 
| 155|0x0000000089b00000, 0x0000000089b00000, 0x0000000089c00000|  0%| F|  |TAMS 0x0000000089b00000, 0x0000000089b00000| Untracked 
| 156|0x0000000089c00000, 0x0000000089c00000, 0x0000000089d00000|  0%| F|  |TAMS 0x0000000089c00000, 0x0000000089c00000| Untracked 
| 157|0x0000000089d00000, 0x0000000089d00000, 0x0000000089e00000|  0%| F|  |TAMS 0x0000000089d00000, 0x0000000089d00000| Untracked 
| 158|0x0000000089e00000, 0x0000000089e00000, 0x0000000089f00000|  0%| F|  |TAMS 0x0000000089e00000, 0x0000000089e00000| Untracked 
| 159|0x0000000089f00000, 0x0000000089f00000, 0x000000008a000000|  0%| F|  |TAMS 0x0000000089f00000, 0x0000000089f00000| Untracked 
| 160|0x000000008a000000, 0x000000008a000000, 0x000000008a100000|  0%| F|  |TAMS 0x000000008a000000, 0x000000008a000000| Untracked 
| 161|0x000000008a100000, 0x000000008a100000, 0x000000008a200000|  0%| F|  |TAMS 0x000000008a100000, 0x000000008a100000| Untracked 
| 162|0x000000008a200000, 0x000000008a200000, 0x000000008a300000|  0%| F|  |TAMS 0x000000008a200000, 0x000000008a200000| Untracked 
| 163|0x000000008a300000, 0x000000008a300000, 0x000000008a400000|  0%| F|  |TAMS 0x000000008a300000, 0x000000008a300000| Untracked 
| 164|0x000000008a400000, 0x000000008a400000, 0x000000008a500000|  0%| F|  |TAMS 0x000000008a400000, 0x000000008a400000| Untracked 
| 165|0x000000008a500000, 0x000000008a5b3fe0, 0x000000008a600000| 70%| S|CS|TAMS 0x000000008a500000, 0x000000008a500000| Complete 
| 166|0x000000008a600000, 0x000000008a700000, 0x000000008a700000|100%| E|  |TAMS 0x000000008a600000, 0x000000008a600000| Complete 
| 167|0x000000008a700000, 0x000000008a800000, 0x000000008a800000|100%| E|CS|TAMS 0x000000008a700000, 0x000000008a700000| Complete 
| 168|0x000000008a800000, 0x000000008a900000, 0x000000008a900000|100%| E|CS|TAMS 0x000000008a800000, 0x000000008a800000| Complete 

Card table byte_map: [0x0000025343a60000,0x0000025343e60000] _byte_map_base: 0x0000025343660000

Marking Bits (Prev, Next): (CMBitMap*) 0x00000253311e6600, (CMBitMap*) 0x00000253311e6640
 Prev Bits: [0x0000025344260000, 0x0000025346260000)
 Next Bits: [0x0000025346260000, 0x0000025348260000)

Polling page: 0x000002532efe0000

Metaspace:

Usage:
  Non-class:     67.61 MB used.
      Class:     10.40 MB used.
       Both:     78.01 MB used.

Virtual space:
  Non-class space:       72.00 MB reserved,      67.94 MB ( 94%) committed,  9 nodes.
      Class space:        1.00 GB reserved,      10.69 MB (  1%) committed,  1 nodes.
             Both:        1.07 GB reserved,      78.62 MB (  7%) committed. 

Chunk freelists:
   Non-Class:  3.45 MB
       Class:  1.33 MB
        Both:  4.78 MB

MaxMetaspaceSize: unlimited
CompressedClassSpaceSize: 1.00 GB
Initial GC threshold: 21.00 MB
Current GC threshold: 124.81 MB
CDS: off
MetaspaceReclaimPolicy: balanced
 - commit_granule_bytes: 65536.
 - commit_granule_words: 8192.
 - virtual_space_node_default_size: 1048576.
 - enlarge_chunks_in_place: 1.
 - new_chunks_are_fully_committed: 0.
 - uncommit_free_chunks: 1.
 - use_allocation_guard: 0.
 - handle_deallocations: 1.


Internal statistics:

num_allocs_failed_limit: 3.
num_arena_births: 852.
num_arena_deaths: 0.
num_vsnodes_births: 10.
num_vsnodes_deaths: 0.
num_space_committed: 1258.
num_space_uncommitted: 0.
num_chunks_returned_to_freelist: 3.
num_chunks_taken_from_freelist: 3524.
num_chunk_merges: 3.
num_chunk_splits: 2322.
num_chunks_enlarged: 1566.
num_purges: 0.
num_inconsistent_stats: 0.

CodeHeap 'non-profiled nmethods': size=120000Kb used=4204Kb max_used=4204Kb free=115795Kb
 bounds [0x000002533c130000, 0x000002533c550000, 0x0000025343660000]
CodeHeap 'profiled nmethods': size=120000Kb used=14013Kb max_used=14013Kb free=105986Kb
 bounds [0x0000025334660000, 0x0000025335410000, 0x000002533bb90000]
CodeHeap 'non-nmethods': size=5760Kb used=2402Kb max_used=2472Kb free=3357Kb
 bounds [0x000002533bb90000, 0x000002533be10000, 0x000002533c130000]
 total_blobs=8081 nmethods=7143 adapters=850
 compilation: enabled
              stopped_count=0, restarted_count=0
 full_count=0

Compilation events (20 events):
Event: 28.601 Thread 0x000002534b4c6a80 nmethod 7888 0x000002533c54a190 code [0x000002533c54a360, 0x000002533c54ac08]
Event: 28.604 Thread 0x000002534b13b8d0 7896       3       kotlin.reflect.jvm.internal.impl.name.Name::asString (13 bytes)
Event: 28.604 Thread 0x000002534b13b8d0 nmethod 7896 0x000002533540cb90 code [0x000002533540cd40, 0x000002533540cec8]
Event: 28.607 Thread 0x000002534b13b8d0 7897       3       kotlin.reflect.jvm.internal.impl.name.FqNameUnsafe::isRoot (8 bytes)
Event: 28.607 Thread 0x000002534b13b8d0 nmethod 7897 0x000002533540cf90 code [0x000002533540d140, 0x000002533540d318]
Event: 28.607 Thread 0x000002534b13b8d0 7898       3       kotlin.reflect.jvm.internal.impl.name.FqNameUnsafe::hashCode (8 bytes)
Event: 28.607 Thread 0x000002534b13b8d0 nmethod 7898 0x000002533540d410 code [0x000002533540d5c0, 0x000002533540d708]
Event: 28.607 Thread 0x000002534b13b8d0 7899       3       kotlin.reflect.jvm.internal.impl.name.FqNameUnsafe::<init> (28 bytes)
Event: 28.607 Thread 0x000002534b13b8d0 nmethod 7899 0x000002533540d810 code [0x000002533540d9c0, 0x000002533540dcc8]
Event: 28.607 Thread 0x000002534b13b8d0 7900       3       kotlin.reflect.jvm.internal.impl.name.FqName::toUnsafe (13 bytes)
Event: 28.608 Thread 0x000002534b13b8d0 nmethod 7900 0x000002533540dd90 code [0x000002533540df40, 0x000002533540e0c8]
Event: 28.608 Thread 0x000002534b13b8d0 7901       3       kotlin.reflect.jvm.internal.impl.name.Name::<init> (23 bytes)
Event: 28.608 Thread 0x000002534b13b8d0 nmethod 7901 0x000002533540e190 code [0x000002533540e340, 0x000002533540e588]
Event: 28.608 Thread 0x000002534b13b8d0 7902       3       kotlin.reflect.jvm.internal.impl.name.Name::identifier (18 bytes)
Event: 28.608 Thread 0x000002534b13b8d0 nmethod 7902 0x000002533540e690 code [0x000002533540e860, 0x000002533540ebb8]
Event: 28.608 Thread 0x000002534b13b8d0 7903       3       kotlin.reflect.jvm.internal.impl.name.FqName::asString (16 bytes)
Event: 28.616 Thread 0x000002534b13b8d0 nmethod 7903 0x000002533540ed10 code [0x000002533540eec0, 0x000002533540f118]
Event: 28.616 Thread 0x000002534b13b8d0 7904       3       kotlin.reflect.jvm.internal.impl.name.FqName::<init> (18 bytes)
Event: 28.617 Thread 0x000002534b13b8d0 nmethod 7904 0x000002533540f210 code [0x000002533540f3c0, 0x000002533540f5e8]
Event: 28.832 Thread 0x000002534b13b8d0 7905   !   3       java.net.URLClassLoader::findClass (47 bytes)

GC Heap History (20 events):
Event: 24.231 GC heap before
{Heap before GC invocations=29 (full 0):
 garbage-first heap   total 144384K, used 111031K [0x0000000080000000, 0x0000000100000000)
  region size 1024K, 45 young (46080K), 6 survivors (6144K)
 Metaspace       used 62756K, committed 63360K, reserved 1105920K
  class space    used 8367K, committed 8640K, reserved 1048576K
}
Event: 24.249 GC heap after
{Heap after GC invocations=30 (full 0):
 garbage-first heap   total 144384K, used 75877K [0x0000000080000000, 0x0000000100000000)
  region size 1024K, 5 young (5120K), 5 survivors (5120K)
 Metaspace       used 62756K, committed 63360K, reserved 1105920K
  class space    used 8367K, committed 8640K, reserved 1048576K
}
Event: 24.380 GC heap before
{Heap before GC invocations=31 (full 0):
 garbage-first heap   total 144384K, used 83045K [0x0000000080000000, 0x0000000100000000)
  region size 1024K, 10 young (10240K), 5 survivors (5120K)
 Metaspace       used 62866K, committed 63488K, reserved 1105920K
  class space    used 8381K, committed 8640K, reserved 1048576K
}
Event: 24.388 GC heap after
{Heap after GC invocations=32 (full 0):
 garbage-first heap   total 144384K, used 81865K [0x0000000080000000, 0x0000000100000000)
  region size 1024K, 2 young (2048K), 2 survivors (2048K)
 Metaspace       used 62866K, committed 63488K, reserved 1105920K
  class space    used 8381K, committed 8640K, reserved 1048576K
}
Event: 24.567 GC heap before
{Heap before GC invocations=33 (full 0):
 garbage-first heap   total 145408K, used 93129K [0x0000000080000000, 0x0000000100000000)
  region size 1024K, 9 young (9216K), 2 survivors (2048K)
 Metaspace       used 63162K, committed 63744K, reserved 1105920K
  class space    used 8433K, committed 8704K, reserved 1048576K
}
Event: 24.570 GC heap after
{Heap after GC invocations=34 (full 0):
 garbage-first heap   total 145408K, used 90147K [0x0000000080000000, 0x0000000100000000)
  region size 1024K, 4 young (4096K), 4 survivors (4096K)
 Metaspace       used 63162K, committed 63744K, reserved 1105920K
  class space    used 8433K, committed 8704K, reserved 1048576K
}
Event: 25.216 GC heap before
{Heap before GC invocations=35 (full 0):
 garbage-first heap   total 158720K, used 113699K [0x0000000080000000, 0x0000000100000000)
  region size 1024K, 26 young (26624K), 4 survivors (4096K)
 Metaspace       used 65754K, committed 66432K, reserved 1114112K
  class space    used 8793K, committed 9088K, reserved 1048576K
}
Event: 25.221 GC heap after
{Heap after GC invocations=36 (full 0):
 garbage-first heap   total 158720K, used 93109K [0x0000000080000000, 0x0000000100000000)
  region size 1024K, 3 young (3072K), 3 survivors (3072K)
 Metaspace       used 65754K, committed 66432K, reserved 1114112K
  class space    used 8793K, committed 9088K, reserved 1048576K
}
Event: 26.255 GC heap before
{Heap before GC invocations=36 (full 0):
 garbage-first heap   total 158720K, used 119733K [0x0000000080000000, 0x0000000100000000)
  region size 1024K, 30 young (30720K), 3 survivors (3072K)
 Metaspace       used 70505K, committed 71168K, reserved 1114112K
  class space    used 9382K, committed 9664K, reserved 1048576K
}
Event: 26.260 GC heap after
{Heap after GC invocations=37 (full 0):
 garbage-first heap   total 158720K, used 94369K [0x0000000080000000, 0x0000000100000000)
  region size 1024K, 2 young (2048K), 2 survivors (2048K)
 Metaspace       used 70505K, committed 71168K, reserved 1114112K
  class space    used 9382K, committed 9664K, reserved 1048576K
}
Event: 26.823 GC heap before
{Heap before GC invocations=38 (full 0):
 garbage-first heap   total 165888K, used 128161K [0x0000000080000000, 0x0000000100000000)
  region size 1024K, 29 young (29696K), 2 survivors (2048K)
 Metaspace       used 72221K, committed 72896K, reserved 1114112K
  class space    used 9653K, committed 9920K, reserved 1048576K
}
Event: 26.831 GC heap after
{Heap after GC invocations=39 (full 0):
 garbage-first heap   total 165888K, used 97663K [0x0000000080000000, 0x0000000100000000)
  region size 1024K, 4 young (4096K), 4 survivors (4096K)
 Metaspace       used 72221K, committed 72896K, reserved 1114112K
  class space    used 9653K, committed 9920K, reserved 1048576K
}
Event: 26.935 GC heap before
{Heap before GC invocations=39 (full 0):
 garbage-first heap   total 165888K, used 101759K [0x0000000080000000, 0x0000000100000000)
  region size 1024K, 8 young (8192K), 4 survivors (4096K)
 Metaspace       used 72861K, committed 73536K, reserved 1114112K
  class space    used 9713K, committed 9984K, reserved 1048576K
}
Event: 26.941 GC heap after
{Heap after GC invocations=40 (full 0):
 garbage-first heap   total 165888K, used 98286K [0x0000000080000000, 0x0000000100000000)
  region size 1024K, 1 young (1024K), 1 survivors (1024K)
 Metaspace       used 72861K, committed 73536K, reserved 1114112K
  class space    used 9713K, committed 9984K, reserved 1048576K
}
Event: 27.570 GC heap before
{Heap before GC invocations=40 (full 0):
 garbage-first heap   total 165888K, used 129006K [0x0000000080000000, 0x0000000100000000)
  region size 1024K, 31 young (31744K), 1 survivors (1024K)
 Metaspace       used 75688K, committed 76352K, reserved 1122304K
  class space    used 10081K, committed 10368K, reserved 1048576K
}
Event: 27.574 GC heap after
{Heap after GC invocations=41 (full 0):
 garbage-first heap   total 165888K, used 99875K [0x0000000080000000, 0x0000000100000000)
  region size 1024K, 3 young (3072K), 3 survivors (3072K)
 Metaspace       used 75688K, committed 76352K, reserved 1122304K
  class space    used 10081K, committed 10368K, reserved 1048576K
}
Event: 28.609 GC heap before
{Heap before GC invocations=42 (full 0):
 garbage-first heap   total 173056K, used 131619K [0x0000000080000000, 0x0000000100000000)
  region size 1024K, 34 young (34816K), 3 survivors (3072K)
 Metaspace       used 79115K, committed 79744K, reserved 1122304K
  class space    used 10529K, committed 10816K, reserved 1048576K
}
Event: 28.616 GC heap after
{Heap after GC invocations=43 (full 0):
 garbage-first heap   total 173056K, used 102084K [0x0000000080000000, 0x0000000100000000)
  region size 1024K, 5 young (5120K), 5 survivors (5120K)
 Metaspace       used 79115K, committed 79744K, reserved 1122304K
  class space    used 10529K, committed 10816K, reserved 1048576K
}
Event: 28.798 GC heap before
{Heap before GC invocations=43 (full 0):
 garbage-first heap   total 173056K, used 104132K [0x0000000080000000, 0x0000000100000000)
  region size 1024K, 8 young (8192K), 5 survivors (5120K)
 Metaspace       used 79486K, committed 80128K, reserved 1122304K
  class space    used 10594K, committed 10880K, reserved 1048576K
}
Event: 28.816 GC heap after
{Heap after GC invocations=44 (full 0):
 garbage-first heap   total 173056K, used 101693K [0x0000000080000000, 0x0000000100000000)
  region size 1024K, 1 young (1024K), 1 survivors (1024K)
 Metaspace       used 79486K, committed 80128K, reserved 1122304K
  class space    used 10594K, committed 10880K, reserved 1048576K
}

Dll operation events (2 events):
Event: 0.019 Loaded shared library C:\Program Files\Android\Android Studio\jbr\bin\java.dll
Event: 0.984 Loaded shared library C:\Program Files\Android\Android Studio\jbr\bin\verify.dll

Deoptimization events (20 events):
Event: 27.587 Thread 0x000002534e236010 DEOPT PACKING pc=0x0000025334c0ee4e sp=0x000000f90abf79e0
Event: 27.587 Thread 0x000002534e236010 DEOPT UNPACKING pc=0x000002533bbe7143 sp=0x000000f90abf6ea8 mode 0
Event: 27.620 Thread 0x000002534e236010 Uncommon trap: trap_request=0xffffffde fr.pc=0x000002533c22d0bc relative=0x000000000000019c
Event: 27.620 Thread 0x000002534e236010 Uncommon trap: reason=class_check action=maybe_recompile pc=0x000002533c22d0bc method=java.util.stream.StreamOpFlag.fromCharacteristics(Ljava/util/Spliterator;)I @ 14 c2
Event: 27.620 Thread 0x000002534e236010 DEOPT PACKING pc=0x000002533c22d0bc sp=0x000000f90abf71a0
Event: 27.620 Thread 0x000002534e236010 DEOPT UNPACKING pc=0x000002533bbe69a3 sp=0x000000f90abf7088 mode 2
Event: 27.781 Thread 0x000002534e236010 Uncommon trap: trap_request=0xffffff45 fr.pc=0x000002533c209fa8 relative=0x0000000000000208
Event: 27.781 Thread 0x000002534e236010 Uncommon trap: reason=unstable_if action=reinterpret pc=0x000002533c209fa8 method=java.util.StringTokenizer.skipDelimiters(I)I @ 21 c2
Event: 27.781 Thread 0x000002534e236010 DEOPT PACKING pc=0x000002533c209fa8 sp=0x000000f90abf60f0
Event: 27.781 Thread 0x000002534e236010 DEOPT UNPACKING pc=0x000002533bbe69a3 sp=0x000000f90abf6090 mode 2
Event: 27.811 Thread 0x000002534e236010 DEOPT PACKING pc=0x0000025334d1f759 sp=0x000000f90abf6ac0
Event: 27.811 Thread 0x000002534e236010 DEOPT UNPACKING pc=0x000002533bbe7143 sp=0x000000f90abf5fb0 mode 0
Event: 27.811 Thread 0x000002534e236010 DEOPT PACKING pc=0x0000025334c0ee4e sp=0x000000f90abf6af0
Event: 27.811 Thread 0x000002534e236010 DEOPT UNPACKING pc=0x000002533bbe7143 sp=0x000000f90abf5fb8 mode 0
Event: 27.817 Thread 0x000002534e236010 Uncommon trap: trap_request=0xffffff45 fr.pc=0x000002533c1e086c relative=0x000000000000064c
Event: 27.817 Thread 0x000002534e236010 Uncommon trap: reason=unstable_if action=reinterpret pc=0x000002533c1e086c method=java.lang.String.replace(CC)Ljava/lang/String; @ 2 c2
Event: 27.817 Thread 0x000002534e236010 DEOPT PACKING pc=0x000002533c1e086c sp=0x000000f90abf6bd0
Event: 27.817 Thread 0x000002534e236010 DEOPT UNPACKING pc=0x000002533bbe69a3 sp=0x000000f90abf6b80 mode 2
Event: 28.053 Thread 0x000002534e236010 DEOPT PACKING pc=0x0000025334d1f759 sp=0x000000f90abf5680
Event: 28.053 Thread 0x000002534e236010 DEOPT UNPACKING pc=0x000002533bbe7143 sp=0x000000f90abf4b70 mode 0

Classes unloaded (0 events):
No events

Classes redefined (0 events):
No events

Internal exceptions (20 events):
Event: 28.074 Thread 0x000002534e236010 Exception <a 'java/lang/ClassNotFoundException'{0x0000000089dfaad0}: org/gradle/api/plugins/internal/DefaultBasePluginConventionCustomizer> (0x0000000089dfaad0) 
thrown [s\src\hotspot\share\classfile\systemDictionary.cpp, line 256]
Event: 28.076 Thread 0x000002534e236010 Exception <a 'java/lang/ClassNotFoundException'{0x0000000089c23c58}: org/gradle/api/plugins/internal/DefaultBasePluginConvention_DecoratedCustomizer> (0x0000000089c23c58) 
thrown [s\src\hotspot\share\classfile\systemDictionary.cpp, line 256]
Event: 28.081 Thread 0x000002534e236010 Exception <a 'java/lang/ClassNotFoundException'{0x0000000089c93cf0}: org/gradle/api/plugins/internal/DefaultJavaPluginConvention_DecoratedBeanInfo> (0x0000000089c93cf0) 
thrown [s\src\hotspot\share\classfile\systemDictionary.cpp, line 256]
Event: 28.084 Thread 0x000002534e236010 Exception <a 'java/lang/ClassNotFoundException'{0x0000000089cab448}: org/gradle/api/plugins/internal/DefaultJavaPluginConventionBeanInfo> (0x0000000089cab448) 
thrown [s\src\hotspot\share\classfile\systemDictionary.cpp, line 256]
Event: 28.085 Thread 0x000002534e236010 Exception <a 'java/lang/ClassNotFoundException'{0x0000000089cc2cc0}: org/gradle/api/plugins/JavaPluginConventionBeanInfo> (0x0000000089cc2cc0) 
thrown [s\src\hotspot\share\classfile\systemDictionary.cpp, line 256]
Event: 28.086 Thread 0x000002534e236010 Exception <a 'java/lang/ClassNotFoundException'{0x0000000089cd9d08}: org/gradle/api/plugins/JavaPluginConventionCustomizer> (0x0000000089cd9d08) 
thrown [s\src\hotspot\share\classfile\systemDictionary.cpp, line 256]
Event: 28.088 Thread 0x000002534e236010 Exception <a 'java/lang/ClassNotFoundException'{0x0000000089b05190}: org/gradle/api/plugins/internal/DefaultJavaPluginConventionCustomizer> (0x0000000089b05190) 
thrown [s\src\hotspot\share\classfile\systemDictionary.cpp, line 256]
Event: 28.091 Thread 0x000002534e236010 Exception <a 'java/lang/ClassNotFoundException'{0x0000000089b42010}: org/gradle/api/plugins/internal/DefaultJavaPluginConvention_DecoratedCustomizer> (0x0000000089b42010) 
thrown [s\src\hotspot\share\classfile\systemDictionary.cpp, line 256]
Event: 28.458 Thread 0x000002534e236010 Exception <a 'java/lang/ClassNotFoundException'{0x0000000088e5f148}: org/jetbrains/kotlin/gradle/targets/js/npm/DefaultNpmDependencyExtensionBeanInfo> (0x0000000088e5f148) 
thrown [s\src\hotspot\share\classfile\systemDictionary.cpp, line 256]
Event: 28.459 Thread 0x000002534e236010 Exception <a 'java/lang/ClassNotFoundException'{0x0000000088e6a7b8}: org/jetbrains/kotlin/gradle/targets/js/npm/DefaultNpmDependencyExtensionCustomizer> (0x0000000088e6a7b8) 
thrown [s\src\hotspot\share\classfile\systemDictionary.cpp, line 256]
Event: 28.467 Thread 0x000002534e236010 Exception <a 'java/lang/ClassNotFoundException'{0x0000000088ed7560}: org/jetbrains/kotlin/gradle/targets/js/npm/NpmDependencyExtensionKt$defaultNpmDependencyDelegate$1BeanInfo> (0x0000000088ed7560) 
thrown [s\src\hotspot\share\classfile\systemDictionary.cpp, line 256]
Event: 28.468 Thread 0x000002534e236010 Exception <a 'java/lang/ClassNotFoundException'{0x0000000088ee2c18}: org/jetbrains/kotlin/gradle/targets/js/npm/NpmDependencyExtensionDelegateBeanInfo> (0x0000000088ee2c18) 
thrown [s\src\hotspot\share\classfile\systemDictionary.cpp, line 256]
Event: 28.468 Thread 0x000002534e236010 Exception <a 'java/lang/ClassNotFoundException'{0x0000000088eee298}: org/jetbrains/kotlin/gradle/targets/js/npm/NpmDependencyExtensionDelegateCustomizer> (0x0000000088eee298) 
thrown [s\src\hotspot\share\classfile\systemDictionary.cpp, line 256]
Event: 28.470 Thread 0x000002534e236010 Exception <a 'java/lang/ClassNotFoundException'{0x0000000088d122d0}: org/jetbrains/kotlin/gradle/targets/js/npm/NpmDependencyExtensionKt$defaultNpmDependencyDelegate$1Customizer> (0x0000000088d122d0) 
thrown [s\src\hotspot\share\classfile\systemDictionary.cpp, line 256]
Event: 28.474 Thread 0x000002534e236010 Exception <a 'java/lang/ClassNotFoundException'{0x0000000088d47828}: org/jetbrains/kotlin/gradle/targets/js/npm/DefaultDevNpmDependencyExtensionBeanInfo> (0x0000000088d47828) 
thrown [s\src\hotspot\share\classfile\systemDictionary.cpp, line 256]
Event: 28.475 Thread 0x000002534e236010 Exception <a 'java/lang/ClassNotFoundException'{0x0000000088d52eb0}: org/jetbrains/kotlin/gradle/targets/js/npm/DefaultDevNpmDependencyExtensionCustomizer> (0x0000000088d52eb0) 
thrown [s\src\hotspot\share\classfile\systemDictionary.cpp, line 256]
Event: 28.479 Thread 0x000002534e236010 Exception <a 'java/lang/ClassNotFoundException'{0x0000000088d8d8a0}: org/jetbrains/kotlin/gradle/targets/js/npm/DefaultPeerNpmDependencyExtensionBeanInfo> (0x0000000088d8d8a0) 
thrown [s\src\hotspot\share\classfile\systemDictionary.cpp, line 256]
Event: 28.480 Thread 0x000002534e236010 Exception <a 'java/lang/ClassNotFoundException'{0x0000000088d98f58}: org/jetbrains/kotlin/gradle/targets/js/npm/DefaultPeerNpmDependencyExtensionCustomizer> (0x0000000088d98f58) 
thrown [s\src\hotspot\share\classfile\systemDictionary.cpp, line 256]
Event: 28.484 Thread 0x000002534e236010 Exception <a 'java/lang/ClassNotFoundException'{0x0000000088dda718}: org/jetbrains/kotlin/gradle/targets/js/npm/DefaultPeerNpmDependencyExtension$delegate$1BeanInfo> (0x0000000088dda718) 
thrown [s\src\hotspot\share\classfile\systemDictionary.cpp, line 256]
Event: 28.484 Thread 0x000002534e236010 Exception <a 'java/lang/ClassNotFoundException'{0x0000000088de5f98}: org/jetbrains/kotlin/gradle/targets/js/npm/DefaultPeerNpmDependencyExtension$delegate$1Customizer> (0x0000000088de5f98) 
thrown [s\src\hotspot\share\classfile\systemDictionary.cpp, line 256]

VM Operations (20 events):
Event: 26.823 Executing VM operation: G1CollectForAllocation
Event: 26.831 Executing VM operation: G1CollectForAllocation done
Event: 26.935 Executing VM operation: G1CollectForAllocation
Event: 26.941 Executing VM operation: G1CollectForAllocation done
Event: 27.570 Executing VM operation: G1CollectForAllocation
Event: 27.575 Executing VM operation: G1CollectForAllocation done
Event: 27.709 Executing VM operation: G1Concurrent
Event: 27.717 Executing VM operation: G1Concurrent done
Event: 27.782 Executing VM operation: G1Concurrent
Event: 27.783 Executing VM operation: G1Concurrent done
Event: 28.005 Executing VM operation: HandshakeAllThreads
Event: 28.005 Executing VM operation: HandshakeAllThreads done
Event: 28.062 Executing VM operation: HandshakeAllThreads
Event: 28.062 Executing VM operation: HandshakeAllThreads done
Event: 28.489 Executing VM operation: ICBufferFull
Event: 28.490 Executing VM operation: ICBufferFull done
Event: 28.608 Executing VM operation: G1CollectForAllocation
Event: 28.616 Executing VM operation: G1CollectForAllocation done
Event: 28.798 Executing VM operation: G1CollectForAllocation
Event: 28.816 Executing VM operation: G1CollectForAllocation done

Events (20 events):
Event: 27.756 loading class org/xml/sax/ContentHandler
Event: 27.756 loading class org/xml/sax/ContentHandler done
Event: 27.756 loading class org/xml/sax/EntityResolver
Event: 27.756 loading class org/xml/sax/EntityResolver done
Event: 27.756 loading class org/xml/sax/DTDHandler
Event: 27.756 loading class org/xml/sax/DTDHandler done
Event: 27.781 loading class java/util/Spliterators$IntArraySpliterator
Event: 27.781 loading class java/util/Spliterators$IntArraySpliterator done
Event: 27.788 loading class java/text/ParsePosition
Event: 27.788 loading class java/text/ParsePosition done
Event: 27.803 loading class java/text/CharacterIterator
Event: 27.803 loading class java/text/CharacterIterator done
Event: 27.908 loading class java/time/format/DateTimeFormatterBuilder$WeekBasedFieldPrinterParser
Event: 27.908 loading class java/time/format/DateTimeFormatterBuilder$WeekBasedFieldPrinterParser done
Event: 27.923 loading class com/sun/jmx/mbeanserver/StandardMBeanSupport
Event: 27.923 loading class com/sun/jmx/mbeanserver/StandardMBeanSupport done
Event: 27.923 loading class com/sun/jmx/mbeanserver/StandardMBeanIntrospector
Event: 27.923 loading class com/sun/jmx/mbeanserver/StandardMBeanIntrospector done
Event: 28.008 Thread 0x000002534b150490 flushing nmethod 0x000002533479e090
Event: 28.832 Thread 0x000002534b4c6a80 Thread exited: 0x000002534b4c6a80


Dynamic libraries:
0x00007ff61e7c0000 - 0x00007ff61e7ca000 	C:\Program Files\Android\Android Studio\jbr\bin\java.exe
0x00007ffcb7e50000 - 0x00007ffcb8048000 	C:\Windows\SYSTEM32\ntdll.dll
0x00007ffcb6d40000 - 0x00007ffcb6dff000 	C:\Windows\System32\KERNEL32.DLL
0x00007ffcb5870000 - 0x00007ffcb5b66000 	C:\Windows\System32\KERNELBASE.dll
0x00007ffcb5c00000 - 0x00007ffcb5d00000 	C:\Windows\System32\ucrtbase.dll
0x00007ffc44dd0000 - 0x00007ffc44de7000 	C:\Program Files\Android\Android Studio\jbr\bin\jli.dll
0x00007ffcb75f0000 - 0x00007ffcb778d000 	C:\Windows\System32\USER32.dll
0x00007ffcb5560000 - 0x00007ffcb5582000 	C:\Windows\System32\win32u.dll
0x00007ffcb6840000 - 0x00007ffcb686c000 	C:\Windows\System32\GDI32.dll
0x00007ffcb5600000 - 0x00007ffcb5715000 	C:\Windows\System32\gdi32full.dll
0x00007ffcb57d0000 - 0x00007ffcb586d000 	C:\Windows\System32\msvcp_win.dll
0x00007ffc5ece0000 - 0x00007ffc5ecfb000 	C:\Program Files\Android\Android Studio\jbr\bin\VCRUNTIME140.dll
0x00007ffc933e0000 - 0x00007ffc9367a000 	C:\Windows\WinSxS\amd64_microsoft.windows.common-controls_6595b64144ccf1df_6.0.19041.1110_none_60b5254171f9507e\COMCTL32.dll
0x00007ffcb6380000 - 0x00007ffcb641e000 	C:\Windows\System32\msvcrt.dll
0x00007ffcb61c0000 - 0x00007ffcb61f0000 	C:\Windows\System32\IMM32.DLL
0x00007ffcb01e0000 - 0x00007ffcb01ec000 	C:\Program Files\Android\Android Studio\jbr\bin\vcruntime140_1.dll
0x00007ffc5ec50000 - 0x00007ffc5ecdd000 	C:\Program Files\Android\Android Studio\jbr\bin\msvcp140.dll
0x00007ffc43b00000 - 0x00007ffc4476e000 	C:\Program Files\Android\Android Studio\jbr\bin\server\jvm.dll
0x00007ffcb5eb0000 - 0x00007ffcb5f5f000 	C:\Windows\System32\ADVAPI32.dll
0x00007ffcb6e00000 - 0x00007ffcb6e9c000 	C:\Windows\System32\sechost.dll
0x00007ffcb6ae0000 - 0x00007ffcb6c06000 	C:\Windows\System32\RPCRT4.dll
0x00007ffcb0160000 - 0x00007ffcb0169000 	C:\Windows\SYSTEM32\WSOCK32.dll
0x00007ffcb6c70000 - 0x00007ffcb6cdb000 	C:\Windows\System32\WS2_32.dll
0x00007ffc92830000 - 0x00007ffc92857000 	C:\Windows\SYSTEM32\WINMM.dll
0x00007ffcaef90000 - 0x00007ffcaef9a000 	C:\Windows\SYSTEM32\VERSION.dll
0x00007ffcb33d0000 - 0x00007ffcb33e2000 	C:\Windows\SYSTEM32\kernel.appcore.dll
0x00007ffc6d410000 - 0x00007ffc6d41a000 	C:\Program Files\Android\Android Studio\jbr\bin\jimage.dll
0x00007ffca0770000 - 0x00007ffca0954000 	C:\Windows\SYSTEM32\DBGHELP.DLL
0x00007ffca0700000 - 0x00007ffca0734000 	C:\Windows\SYSTEM32\dbgcore.DLL
0x00007ffcb5b70000 - 0x00007ffcb5bf2000 	C:\Windows\System32\bcryptPrimitives.dll
0x00007ffc450c0000 - 0x00007ffc450e5000 	C:\Program Files\Android\Android Studio\jbr\bin\java.dll
0x00007ffc450a0000 - 0x00007ffc450b8000 	C:\Program Files\Android\Android Studio\jbr\bin\zip.dll
0x00007ffcb6ea0000 - 0x00007ffcb75e4000 	C:\Windows\System32\SHELL32.dll
0x00007ffcb35d0000 - 0x00007ffcb3d63000 	C:\Windows\SYSTEM32\windows.storage.dll
0x00007ffcb64d0000 - 0x00007ffcb6824000 	C:\Windows\System32\combase.dll
0x00007ffcb4ea0000 - 0x00007ffcb4ece000 	C:\Windows\SYSTEM32\Wldp.dll
0x00007ffcb6420000 - 0x00007ffcb64cd000 	C:\Windows\System32\SHCORE.dll
0x00007ffcb69f0000 - 0x00007ffcb6a45000 	C:\Windows\System32\shlwapi.dll
0x00007ffcb5460000 - 0x00007ffcb5485000 	C:\Windows\SYSTEM32\profapi.dll
0x00007ffc45080000 - 0x00007ffc45099000 	C:\Program Files\Android\Android Studio\jbr\bin\net.dll
0x00007ffcab5a0000 - 0x00007ffcab6aa000 	C:\Windows\SYSTEM32\WINHTTP.dll
0x00007ffcb4c00000 - 0x00007ffcb4c6a000 	C:\Windows\system32\mswsock.dll
0x00007ffc45060000 - 0x00007ffc45076000 	C:\Program Files\Android\Android Studio\jbr\bin\nio.dll
0x00007ffc4b540000 - 0x00007ffc4b550000 	C:\Program Files\Android\Android Studio\jbr\bin\verify.dll
0x00007ffc9ec10000 - 0x00007ffc9ec37000 	C:\Users\Pepe\.gradle\native\68d5fa5c4cc2d200863cafc0d521ce42e7d3e7ee720ec0a83991735586a16f82\windows-amd64\native-platform.dll
0x00007ffc5d640000 - 0x00007ffc5d784000 	C:\Users\Pepe\.gradle\native\e376f236ea51e6404a007f0833ffe2c6e607c4080706a723a18a27aeea778392\windows-amd64\native-platform-file-events.dll
0x00007ffc49540000 - 0x00007ffc49549000 	C:\Program Files\Android\Android Studio\jbr\bin\management.dll
0x00007ffc49430000 - 0x00007ffc4943b000 	C:\Program Files\Android\Android Studio\jbr\bin\management_ext.dll
0x00007ffcb6830000 - 0x00007ffcb6838000 	C:\Windows\System32\PSAPI.DLL
0x00007ffcb4e00000 - 0x00007ffcb4e18000 	C:\Windows\SYSTEM32\CRYPTSP.dll
0x00007ffcb4510000 - 0x00007ffcb4544000 	C:\Windows\system32\rsaenh.dll
0x00007ffcb5530000 - 0x00007ffcb5557000 	C:\Windows\System32\bcrypt.dll
0x00007ffcb5420000 - 0x00007ffcb544e000 	C:\Windows\SYSTEM32\USERENV.dll
0x00007ffcb4df0000 - 0x00007ffcb4dfc000 	C:\Windows\SYSTEM32\CRYPTBASE.dll
0x00007ffcb48f0000 - 0x00007ffcb492b000 	C:\Windows\SYSTEM32\IPHLPAPI.DLL
0x00007ffcb6950000 - 0x00007ffcb6958000 	C:\Windows\System32\NSI.dll
0x00007ffcac5b0000 - 0x00007ffcac5c7000 	C:\Windows\SYSTEM32\dhcpcsvc6.DLL
0x00007ffcaca10000 - 0x00007ffcaca2d000 	C:\Windows\SYSTEM32\dhcpcsvc.DLL
0x00007ffcb4930000 - 0x00007ffcb49fa000 	C:\Windows\SYSTEM32\DNSAPI.dll
0x00007ffc6f530000 - 0x00007ffc6f537000 	C:\Windows\system32\wshunix.dll
0x00007ffca5fc0000 - 0x00007ffca5fca000 	C:\Windows\System32\rasadhlp.dll
0x00007ffca69b0000 - 0x00007ffca6a32000 	C:\Windows\System32\fwpuclnt.dll

dbghelp: loaded successfully - version: 4.0.5 - missing functions: vone
symbol engine: initialized successfully - sym options: 0x614 - pdb path: .;C:\Program Files\Android\Android Studio\jbr\bin;C:\Windows\SYSTEM32;C:\Windows\WinSxS\amd64_microsoft.windows.common-controls_6595b64144ccf1df_6.0.19041.1110_none_60b5254171f9507e;C:\Program Files\Android\Android Studio\jbr\bin\server;C:\Users\Pepe\.gradle\native\68d5fa5c4cc2d200863cafc0d521ce42e7d3e7ee720ec0a83991735586a16f82\windows-amd64;C:\Users\Pepe\.gradle\native\e376f236ea51e6404a007f0833ffe2c6e607c4080706a723a18a27aeea778392\windows-amd64

VM Arguments:
jvm_args: --add-opens=java.base/java.util=ALL-UNNAMED --add-opens=java.base/java.lang=ALL-UNNAMED --add-opens=java.base/java.lang.invoke=ALL-UNNAMED --add-opens=java.prefs/java.util.prefs=ALL-UNNAMED --add-opens=java.base/java.nio.charset=ALL-UNNAMED --add-opens=java.base/java.net=ALL-UNNAMED --add-opens=java.base/java.util.concurrent.atomic=ALL-UNNAMED -Xmx2048m -Dfile.encoding=UTF-8 -Duser.country=MX -Duser.language=es -Duser.variant 
java_command: org.gradle.launcher.daemon.bootstrap.GradleDaemon 8.0
java_class_path (initial): C:\Users\Pepe\.gradle\wrapper\dists\gradle-8.0-bin\ca5e32bp14vu59qr306oxotwh\gradle-8.0\lib\gradle-launcher-8.0.jar
Launcher Type: SUN_STANDARD

[Global flags]
     intx CICompilerCount                          = 3                                         {product} {ergonomic}
     uint ConcGCThreads                            = 1                                         {product} {ergonomic}
     uint G1ConcRefinementThreads                  = 4                                         {product} {ergonomic}
   size_t G1HeapRegionSize                         = 1048576                                   {product} {ergonomic}
    uintx GCDrainStackTargetSize                   = 64                                        {product} {ergonomic}
   size_t InitialHeapSize                          = 134217728                                 {product} {ergonomic}
   size_t MarkStackSize                            = 4194304                                   {product} {ergonomic}
   size_t MaxHeapSize                              = 2147483648                                {product} {command line}
   size_t MaxNewSize                               = 1287651328                                {product} {ergonomic}
   size_t MinHeapDeltaBytes                        = 1048576                                   {product} {ergonomic}
   size_t MinHeapSize                              = 8388608                                   {product} {ergonomic}
    uintx NonNMethodCodeHeapSize                   = 5832780                                {pd product} {ergonomic}
    uintx NonProfiledCodeHeapSize                  = 122912730                              {pd product} {ergonomic}
    uintx ProfiledCodeHeapSize                     = 122912730                              {pd product} {ergonomic}
    uintx ReservedCodeCacheSize                    = 251658240                              {pd product} {ergonomic}
     bool SegmentedCodeCache                       = true                                      {product} {ergonomic}
   size_t SoftMaxHeapSize                          = 2147483648                             {manageable} {ergonomic}
     bool UseCompressedClassPointers               = true                           {product lp64_product} {ergonomic}
     bool UseCompressedOops                        = true                           {product lp64_product} {ergonomic}
     bool UseG1GC                                  = true                                      {product} {ergonomic}
     bool UseLargePagesIndividualAllocation        = false                                  {pd product} {ergonomic}

Logging:
Log output configuration:
 #0: stdout all=warning uptime,level,tags
 #1: stderr all=off uptime,level,tags

Environment Variables:
CLASSPATH=C:\LINGO64_20\Lingo20.jar
PATH=C:\Windows\system32;C:\Windows;C:\Windows\System32\Wbem;C:\Windows\System32\WindowsPowerShell\v1.0\;C:\Windows\System32\OpenSSH\;C:\LINGO64_20\;C:\Users\Pepe\AppData\Local\Programs\Python\Python311\Scripts\;C:\Users\Pepe\AppData\Local\Programs\Python\Python311\;C:\Users\Pepe\AppData\Local\Microsoft\WindowsApps;;C:\Users\Pepe\AppData\Local\Programs\Microsoft VS Code\bin
USERNAME=Pepe
OS=Windows_NT
PROCESSOR_IDENTIFIER=Intel64 Family 6 Model 142 Stepping 12, GenuineIntel
TMP=C:\Users\Pepe\AppData\Local\Temp
TEMP=C:\Users\Pepe\AppData\Local\Temp


JNI global refs:
JNI global refs: 24, weak refs: 0

JNI global refs memory usage: 843, weak refs: 209


---------------  S Y S T E M  ---------------

OS:
 Windows 10 , 64 bit Build 19041 (10.0.19041.3155)
OS uptime: 0 days 0:04 hours

CPU: total 4 (initial active 4) (2 cores per cpu, 2 threads per core) family 6 model 142 stepping 12 microcode 0xb8, cx8, cmov, fxsr, ht, mmx, 3dnowpref, sse, sse2, sse3, ssse3, sse4.1, sse4.2, popcnt, lzcnt, tsc, tscinvbit, avx, avx2, aes, erms, clmul, bmi1, bmi2, adx, fma, vzeroupper, clflush, clflushopt

Memory: 4k page, system-wide physical 8083M (1660M free)
TotalPageFile size 9875M (AvailPageFile size 3422M)
current process WorkingSet (physical memory assigned to process): 388M, peak: 390M
current process commit charge ("private bytes"): 415M, peak: 419M

vm_info: OpenJDK 64-Bit Server VM (17.0.6+0-b2043.56-10027231) for windows-amd64 JRE (17.0.6+0-b2043.56-10027231), built on Apr 28 2023 00:43:19 by "androidbuild" with MS VC++ 16.10 / 16.11 (VS2019)

END.
